#
# A fatal error has been detected by the Java Runtime Environment:
#
#  SIGSEGV (0xb) at pc=0x00007f2e51e7af9f, pid=7635, tid=0x00007f2e3859c700
#
# JRE version: OpenJDK Runtime Environment (8.0_151-b12) (build 1.8.0_151-8u151-b12-0ubuntu0.16.04.2-b12)
# Java VM: OpenJDK 64-Bit Server VM (25.151-b12 mixed mode linux-amd64 compressed oops)
# Problematic frame:
# V  [libjvm.so+0x925f9f]
#
# Failed to write core dump. Core dumps have been disabled. To enable core dumping, try "ulimit -c unlimited" before starting Java again
#
# If you would like to submit a bug report, please visit:
#   http://bugreport.java.com/bugreport/crash.jsp
#

---------------  T H R E A D  ---------------

Current thread (0x00007f2e4c140000):  VMThread [stack: 0x00007f2e3849c000,0x00007f2e3859d000] [id=7650]

siginfo: si_signo: 11 (SIGSEGV), si_code: 1 (SEGV_MAPERR), si_addr: 0x0000000000000008

Registers:
RAX=0x0000000000000001, RBX=0x00000000ec6c9028, RCX=0x0000000000000003, RDX=0x00007f2e5244e9e0
RSP=0x00007f2e3859b530, RBP=0x00007f2e3859b5b0, RSI=0x00000000ec6c9028, RDI=0x0000000000000000
R8 =0x0000000000000000, R9 =0x00007f2e4c13d818, R10=0x0000000000000000, R11=0x00007f2e52476770
R12=0x0000000000000000, R13=0x00007f2e4c13d780, R14=0x00000000ece1f418, R15=0x00000000ece1f440
RIP=0x00007f2e51e7af9f, EFLAGS=0x0000000000010246, CSGSFS=0x002b000000000033, ERR=0x0000000000000004
  TRAPNO=0x000000000000000e

Top of Stack: (sp=0x00007f2e3859b530)
0x00007f2e3859b530:   0000000000000001 0000000000000400
0x00007f2e3859b540:   00007f2e4c13d7a8 0000000000000038
0x00007f2e3859b550:   00007f2e00000007 00000000c3e9da28
0x00007f2e3859b560:   00000000c3e9d590 0000000000000400
0x00007f2e3859b570:   0000000900000000 483e6b05c5ed4d00
0x00007f2e3859b580:   0000000000000001 00000000ece1f44c
0x00007f2e3859b590:   00007f2e5244e9f0 00007f2e5246dde0
0x00007f2e3859b5a0:   00000000ece1f418 00000000ece1f440
0x00007f2e3859b5b0:   00007f2e3859b5d0 00007f2e51e7ec48
0x00007f2e3859b5c0:   00007f2e5246c9aa 00000000ece1f458
0x00007f2e3859b5d0:   00007f2e3859b650 00007f2e51e8592d
0x00007f2e3859b5e0:   00000000000083b0 00007f2e3859b8f0
0x00007f2e3859b5f0:   00007f2e0801bd18 00007f2e08014040
0x00007f2e3859b600:   00007f2e4c13f570 00007f2e08013d30
0x00007f2e3859b610:   00007f2e3859b940 00000000ece1ab20
0x00007f2e3859b620:   0000000300000004 0000000000000430
0x00007f2e3859b630:   00007f2e4c09bd60 0000000000000002
0x00007f2e3859b640:   00007f2e3859b940 00007f2e4c09bc30
0x00007f2e3859b650:   00007f2e3859b6e0 00007f2e51e8613d
0x00007f2e3859b660:   0000000000000000 0000000000e09a4e
0x00007f2e3859b670:   00007f2e3859b8f0 00007f2e524765e0
0x00007f2e3859b680:   00000000000012d9 00007f2e3859b740
0x00007f2e3859b690:   00007f2e52038cf6 0000000000000002
0x00007f2e3859b6a0:   00007f2e3859b758 483e6b05c5ed4d00
0x00007f2e3859b6b0:   00007f2e3859b6e0 00007f2e3859b740
0x00007f2e3859b6c0:   00007f2e3859b8f0 0000000000000000
0x00007f2e3859b6d0:   00007f2e3859b880 00007f2e4c09bc30
0x00007f2e3859b6e0:   00007f2e3859b7a0 00007f2e51e8677c
0x00007f2e3859b6f0:   0000000000000000 00007f2e51e86712
0x00007f2e3859b700:   000000013cbea368 0000000000000001
0x00007f2e3859b710:   00000000000000b1 0000000000000000
0x00007f2e3859b720:   00007f2e52476700 000000003859b938 

Instructions: (pc=0x00007f2e51e7af9f)
0x00007f2e51e7af7f:   03 0f 84 4a 02 00 00 48 8d 05 1c 1a 5f 00 49 89
0x00007f2e51e7af8f:   fd 0f b6 00 84 c0 0f 85 e5 02 00 00 48 8b 7e 08
0x00007f2e51e7af9f:   8b 4f 08 83 f9 00 0f 8e 35 04 00 00 f6 c1 01 0f
0x00007f2e51e7afaf:   85 3c 04 00 00 c1 f9 03 41 f6 c4 01 4c 63 f1 4c 

Register to memory mapping:

RAX=0x0000000000000001 is an unknown value
RBX=0x00000000ec6c9028 is an unknown value
RCX=0x0000000000000003 is an unknown value
RDX=0x00007f2e5244e9e0: <offset 0xef99e0> in /usr/lib/jvm/java-8-openjdk-amd64/jre/lib/amd64/server/libjvm.so at 0x00007f2e51555000
RSP=0x00007f2e3859b530 is an unknown value
RBP=0x00007f2e3859b5b0 is an unknown value
RSI=0x00000000ec6c9028 is an unknown value
RDI=0x0000000000000000 is an unknown value
R8 =0x0000000000000000 is an unknown value
R9 =0x00007f2e4c13d818 is an unknown value
R10=0x0000000000000000 is an unknown value
R11=0x00007f2e52476770: <offset 0xf21770> in /usr/lib/jvm/java-8-openjdk-amd64/jre/lib/amd64/server/libjvm.so at 0x00007f2e51555000
R12=0x0000000000000000 is an unknown value
R13=0x00007f2e4c13d780 is an unknown value
R14=0x00000000ece1f418 is an oop
java.lang.ref.Finalizer 
 - klass: 'java/lang/ref/Finalizer'
R15=0x00000000ece1f440 is an oop
java.lang.ref.Finalizer 
 - klass: 'java/lang/ref/Finalizer'


Stack: [0x00007f2e3849c000,0x00007f2e3859d000],  sp=0x00007f2e3859b530,  free space=1021k
Native frames: (J=compiled Java code, j=interpreted, Vv=VM code, C=native code)
V  [libjvm.so+0x925f9f]
V  [libjvm.so+0x929c48]
V  [libjvm.so+0x93092d]
V  [libjvm.so+0x93113d]
V  [libjvm.so+0x93177c]
V  [libjvm.so+0x928785]
V  [libjvm.so+0x9294ac]
V  [libjvm.so+0x8db3c3]
V  [libjvm.so+0xa6a192]
V  [libjvm.so+0xa6f277]
V  [libjvm.so+0xa6ca47]
V  [libjvm.so+0xa6decf]
V  [libjvm.so+0xa6e3c1]
V  [libjvm.so+0x8b4032]

VM_Operation (0x00007f2e281bd810): ParallelGCFailedAllocation, mode: safepoint, requested by thread 0x00007f2e4c4b7800


---------------  P R O C E S S  ---------------

Java Threads: ( => current thread )
  0x00007f2de0213000 JavaThread "Prism Font Disposer" daemon [_thread_blocked, id=7678, stack(0x00007f2ded086000,0x00007f2ded187000)]
  0x00007f2e4c4bf000 JavaThread "JavaFX-Launcher" [_thread_blocked, id=7674, stack(0x00007f2deda4a000,0x00007f2dedb4b000)]
  0x00007f2e4c4bb800 JavaThread "JavaFX Application Thread" [_thread_blocked, id=7673, stack(0x00007f2dedb4b000,0x00007f2dedc4c000)]
  0x00007f2e4c4b7800 JavaThread "Thread-1" daemon [_thread_blocked, id=7672, stack(0x00007f2e280be000,0x00007f2e281bf000)]
  0x00007f2e4c3ee800 JavaThread "QuantumRenderer-0" daemon [_thread_blocked, id=7671, stack(0x00007f2e302d7000,0x00007f2e303d8000)]
  0x00007f2e4c2a5000 JavaThread "Service Thread" daemon [_thread_blocked, id=7669, stack(0x00007f2e304d9000,0x00007f2e305da000)]
  0x00007f2e4c2a2800 JavaThread "C1 CompilerThread2" daemon [_thread_blocked, id=7668, stack(0x00007f2e305da000,0x00007f2e306db000)]
  0x00007f2e4c29f800 JavaThread "C2 CompilerThread1" daemon [_thread_blocked, id=7667, stack(0x00007f2e338f4000,0x00007f2e339f5000)]
  0x00007f2e4c29e000 JavaThread "C2 CompilerThread0" daemon [_thread_blocked, id=7666, stack(0x00007f2e339f5000,0x00007f2e33af6000)]
  0x00007f2e4c29c800 JavaThread "Monitor Ctrl-Break" daemon [_thread_in_native, id=7665, stack(0x00007f2e33af6000,0x00007f2e33bf7000)]
  0x00007f2e4c173800 JavaThread "Signal Dispatcher" daemon [_thread_blocked, id=7663, stack(0x00007f2e38199000,0x00007f2e3829a000)]
  0x00007f2e4c14c000 JavaThread "Finalizer" daemon [_thread_blocked, id=7656, stack(0x00007f2e3829a000,0x00007f2e3839b000)]
  0x00007f2e4c147800 JavaThread "Reference Handler" daemon [_thread_blocked, id=7655, stack(0x00007f2e3839b000,0x00007f2e3849c000)]
  0x00007f2e4c00b800 JavaThread "main" [_thread_blocked, id=7639, stack(0x00007f2e531a5000,0x00007f2e532a6000)]

Other Threads:
=>0x00007f2e4c140000 VMThread [stack: 0x00007f2e3849c000,0x00007f2e3859d000] [id=7650]
  0x00007f2e4c2a7800 WatcherThread [stack: 0x00007f2e303d8000,0x00007f2e304d9000] [id=7670]

VM state:at safepoint (normal execution)

VM Mutex/Monitor currently owned by a thread:  ([mutex/lock_event])
[0x00007f2e4c007b40] Threads_lock - owner thread: 0x00007f2e4c140000
[0x00007f2e4c008040] Heap_lock - owner thread: 0x00007f2e4c4b7800

Heap:
 PSYoungGen      total 18432K, used 18400K [0x00000000ebd80000, 0x00000000ee180000, 0x0000000100000000)
  eden space 15872K, 100% used [0x00000000ebd80000,0x00000000ecd00000,0x00000000ecd00000)
  from space 2560K, 98% used [0x00000000ecf80000,0x00000000ed1f8020,0x00000000ed200000)
  to   space 2560K, 98% used [0x00000000ecd00000,0x00000000ecf78030,0x00000000ecf80000)
 ParOldGen       total 42496K, used 6781K [0x00000000c3800000, 0x00000000c6180000, 0x00000000ebd80000)
  object space 42496K, 15% used [0x00000000c3800000,0x00000000c3e9f590,0x00000000c6180000)
 Metaspace       used 15475K, capacity 16040K, committed 16256K, reserved 1062912K
  class space    used 1928K, capacity 2095K, committed 2176K, reserved 1048576K

Card table byte_map: [0x00007f2e3c434000,0x00007f2e3c619000] byte_map_base: 0x00007f2e3be18000

Marking Bits: (ParMarkBitMap*) 0x00007f2e524762c0
 Begin Bits: [0x00007f2e3a0ad000, 0x00007f2e3afcd000)
 End Bits:   [0x00007f2e3afcd000, 0x00007f2e3beed000)

Polling page: 0x00007f2e532c9000

CodeCache: size=245760Kb used=4083Kb max_used=4083Kb free=241676Kb
 bounds [0x00007f2e3c9d9000, 0x00007f2e3cdd9000, 0x00007f2e4b9d9000]
 total_blobs=1847 nmethods=1223 adapters=537
 compilation: enabled

Compilation events (10 events):
Event: 6,788 Thread 0x00007f2e4c2a2800 1221       3       com.sun.javafx.geom.transform.Identity::inverseTransform (20 bytes)
Event: 6,789 Thread 0x00007f2e4c2a2800 nmethod 1221 0x00007f2e3cdd2d50 code [0x00007f2e3cdd2ee0, 0x00007f2e3cdd32b0]
Event: 6,797 Thread 0x00007f2e4c2a2800 1222       3       javafx.scene.paint.Color::hsb (41 bytes)
Event: 6,797 Thread 0x00007f2e4c2a2800 nmethod 1222 0x00007f2e3cdd26d0 code [0x00007f2e3cdd2860, 0x00007f2e3cdd2b28]
Event: 6,797 Thread 0x00007f2e4c2a2800 1225       3       javafx.scene.CssStyleHelper$CacheContainer::getStyleMap (40 bytes)
Event: 6,798 Thread 0x00007f2e4c2a2800 nmethod 1225 0x00007f2e3cdd5050 code [0x00007f2e3cdd5200, 0x00007f2e3cdd5938]
Event: 6,798 Thread 0x00007f2e4c2a2800 1228       3       javafx.scene.paint.Color::getOpacity (6 bytes)
Event: 6,799 Thread 0x00007f2e4c2a2800 nmethod 1228 0x00007f2e3cdd2390 code [0x00007f2e3cdd24e0, 0x00007f2e3cdd2630]
Event: 6,799 Thread 0x00007f2e4c2a2800 1223       3       javafx.scene.paint.Color::checkSB (89 bytes)
Event: 6,799 Thread 0x00007f2e4c29e000 1231       4       java.util.HashMap::isEmpty (13 bytes)

GC Heap History (5 events):
Event: 0,718 GC heap before
{Heap before GC invocations=1 (full 0):
 PSYoungGen      total 18432K, used 15872K [0x00000000ebd80000, 0x00000000ed200000, 0x0000000100000000)
  eden space 15872K, 100% used [0x00000000ebd80000,0x00000000ecd00000,0x00000000ecd00000)
  from space 2560K, 0% used [0x00000000ecf80000,0x00000000ecf80000,0x00000000ed200000)
  to   space 2560K, 0% used [0x00000000ecd00000,0x00000000ecd00000,0x00000000ecf80000)
 ParOldGen       total 42496K, used 0K [0x00000000c3800000, 0x00000000c6180000, 0x00000000ebd80000)
  object space 42496K, 0% used [0x00000000c3800000,0x00000000c3800000,0x00000000c6180000)
 Metaspace       used 7061K, capacity 7340K, committed 7680K, reserved 1056768K
  class space    used 819K, capacity 938K, committed 1024K, reserved 1048576K
Event: 0,724 GC heap after
Heap after GC invocations=1 (full 0):
 PSYoungGen      total 18432K, used 2542K [0x00000000ebd80000, 0x00000000ed200000, 0x0000000100000000)
  eden space 15872K, 0% used [0x00000000ebd80000,0x00000000ebd80000,0x00000000ecd00000)
  from space 2560K, 99% used [0x00000000ecd00000,0x00000000ecf7ba60,0x00000000ecf80000)
  to   space 2560K, 0% used [0x00000000ecf80000,0x00000000ecf80000,0x00000000ed200000)
 ParOldGen       total 42496K, used 989K [0x00000000c3800000, 0x00000000c6180000, 0x00000000ebd80000)
  object space 42496K, 2% used [0x00000000c3800000,0x00000000c38f7628,0x00000000c6180000)
 Metaspace       used 7061K, capacity 7340K, committed 7680K, reserved 1056768K
  class space    used 819K, capacity 938K, committed 1024K, reserved 1048576K
}
Event: 1,404 GC heap before
{Heap before GC invocations=2 (full 0):
 PSYoungGen      total 18432K, used 18414K [0x00000000ebd80000, 0x00000000ed200000, 0x0000000100000000)
  eden space 15872K, 100% used [0x00000000ebd80000,0x00000000ecd00000,0x00000000ecd00000)
  from space 2560K, 99% used [0x00000000ecd00000,0x00000000ecf7ba60,0x00000000ecf80000)
  to   space 2560K, 0% used [0x00000000ecf80000,0x00000000ecf80000,0x00000000ed200000)
 ParOldGen       total 42496K, used 989K [0x00000000c3800000, 0x00000000c6180000, 0x00000000ebd80000)
  object space 42496K, 2% used [0x00000000c3800000,0x00000000c38f7628,0x00000000c6180000)
 Metaspace       used 11878K, capacity 12244K, committed 12672K, reserved 1060864K
  class space    used 1411K, capacity 1537K, committed 1664K, reserved 1048576K
Event: 1,415 GC heap after
Heap after GC invocations=2 (full 0):
 PSYoungGen      total 18432K, used 2528K [0x00000000ebd80000, 0x00000000ee180000, 0x0000000100000000)
  eden space 15872K, 0% used [0x00000000ebd80000,0x00000000ebd80000,0x00000000ecd00000)
  from space 2560K, 98% used [0x00000000ecf80000,0x00000000ed1f8020,0x00000000ed200000)
  to   space 2560K, 0% used [0x00000000ecd00000,0x00000000ecd00000,0x00000000ecf80000)
 ParOldGen       total 42496K, used 4177K [0x00000000c3800000, 0x00000000c6180000, 0x00000000ebd80000)
  object space 42496K, 9% used [0x00000000c3800000,0x00000000c3c145d8,0x00000000c6180000)
 Metaspace       used 11878K, capacity 12244K, committed 12672K, reserved 1060864K
  class space    used 1411K, capacity 1537K, committed 1664K, reserved 1048576K
}
Event: 6,801 GC heap before
{Heap before GC invocations=3 (full 0):
 PSYoungGen      total 18432K, used 18400K [0x00000000ebd80000, 0x00000000ee180000, 0x0000000100000000)
  eden space 15872K, 100% used [0x00000000ebd80000,0x00000000ecd00000,0x00000000ecd00000)
  from space 2560K, 98% used [0x00000000ecf80000,0x00000000ed1f8020,0x00000000ed200000)
  to   space 2560K, 0% used [0x00000000ecd00000,0x00000000ecd00000,0x00000000ecf80000)
 ParOldGen       total 42496K, used 4177K [0x00000000c3800000, 0x00000000c6180000, 0x00000000ebd80000)
  object space 42496K, 9% used [0x00000000c3800000,0x00000000c3c145d8,0x00000000c6180000)
 Metaspace       used 15475K, capacity 16040K, committed 16256K, reserved 1062912K
  class space    used 1928K, capacity 2095K, committed 2176K, reserved 1048576K

Deoptimization events (10 events):
Event: 1,567 Thread 0x00007f2e4c4bb800 Uncommon trap: reason=class_check action=maybe_recompile pc=0x00007f2e3cc50d74 method=java.io.DataInputStream.readShort()S @ 4
Event: 1,567 Thread 0x00007f2e4c4bb800 Uncommon trap: reason=class_check action=maybe_recompile pc=0x00007f2e3cc50d74 method=java.io.DataInputStream.readShort()S @ 4
Event: 1,589 Thread 0x00007f2e4c4bb800 Uncommon trap: reason=class_check action=maybe_recompile pc=0x00007f2e3cb6a878 method=java.lang.String.equals(Ljava/lang/Object;)Z @ 8
Event: 1,589 Thread 0x00007f2e4c4bb800 Uncommon trap: reason=class_check action=maybe_recompile pc=0x00007f2e3cb6a878 method=java.lang.String.equals(Ljava/lang/Object;)Z @ 8
Event: 1,589 Thread 0x00007f2e4c4bb800 Uncommon trap: reason=class_check action=maybe_recompile pc=0x00007f2e3cb6a878 method=java.lang.String.equals(Ljava/lang/Object;)Z @ 8
Event: 1,595 Thread 0x00007f2e4c4bb800 Uncommon trap: reason=class_check action=maybe_recompile pc=0x00007f2e3cb6a878 method=java.lang.String.equals(Ljava/lang/Object;)Z @ 8
Event: 1,762 Thread 0x00007f2e4c4bb800 Uncommon trap: reason=unstable_if action=reinterpret pc=0x00007f2e3cca1028 method=sun.misc.URLClassPath$JarLoader.getResource(Ljava/lang/String;Z)Lsun/misc/Resource; @ 15
Event: 2,386 Thread 0x00007f2e4c3ee800 Uncommon trap: reason=unstable_if action=reinterpret pc=0x00007f2e3cd18c98 method=java.lang.StrictMath.floorOrCeil(DDDD)D @ 115
Event: 3,610 Thread 0x00007f2e4c4bb800 Uncommon trap: reason=unstable_if action=reinterpret pc=0x00007f2e3ccd39e4 method=jdk.internal.org.objectweb.asm.Type.getArgumentsAndReturnSizes(Ljava/lang/String;)I @ 47
Event: 5,707 Thread 0x00007f2e4c4bb800 Uncommon trap: reason=predicate action=maybe_recompile pc=0x00007f2e3ccb03f0 method=sun.net.www.ParseUtil.encodePath(Ljava/lang/String;Z)Ljava/lang/String; @ 36

Internal exceptions (10 events):
Event: 0,310 Thread 0x00007f2e4c00b800 Exception <a 'java/lang/NullPointerException'> (0x00000000ec1a7ad8) thrown at [/build/openjdk-8-W2Qe27/openjdk-8-8u151-b12/src/hotspot/src/share/vm/interpreter/linkResolver.cpp, line 1183]
Event: 0,342 Thread 0x00007f2e4c00b800 Implicit null exception at 0x00007f2e3caf7d55 to 0x00007f2e3caf7f2d
Event: 0,834 Thread 0x00007f2e4c4bb800 Exception <a 'java/lang/NullPointerException'> (0x00000000ec1fb2e0) thrown at [/build/openjdk-8-W2Qe27/openjdk-8-8u151-b12/src/hotspot/src/share/vm/interpreter/linkResolver.cpp, line 1183]
Event: 0,834 Thread 0x00007f2e4c4bb800 Exception <a 'java/lang/NullPointerException'> (0x00000000ec1fb2e0) thrown at [/build/openjdk-8-W2Qe27/openjdk-8-8u151-b12/src/hotspot/src/share/vm/prims/jvm.cpp, line 1394]
Event: 1,391 Thread 0x00007f2e4c4bb800 Implicit null exception at 0x00007f2e3cc7c235 to 0x00007f2e3cc7c451
Event: 5,681 Thread 0x00007f2e4c4bb800 Exception <a 'java/lang/ArrayIndexOutOfBoundsException'> (0x00000000ecbf84c8) thrown at [/build/openjdk-8-W2Qe27/openjdk-8-8u151-b12/src/hotspot/src/share/vm/runtime/sharedRuntime.cpp, line 605]
Event: 5,681 Thread 0x00007f2e4c4bb800 Exception <a 'java/lang/ArrayIndexOutOfBoundsException'> (0x00000000ecbfacb0) thrown at [/build/openjdk-8-W2Qe27/openjdk-8-8u151-b12/src/hotspot/src/share/vm/runtime/sharedRuntime.cpp, line 605]
Event: 5,681 Thread 0x00007f2e4c4bb800 Exception <a 'java/lang/ArrayIndexOutOfBoundsException'> (0x00000000ecbfcd40) thrown at [/build/openjdk-8-W2Qe27/openjdk-8-8u151-b12/src/hotspot/src/share/vm/runtime/sharedRuntime.cpp, line 605]
Event: 5,684 Thread 0x00007f2e4c4bb800 Exception <a 'java/lang/ArrayIndexOutOfBoundsException'> (0x00000000ecc19e60) thrown at [/build/openjdk-8-W2Qe27/openjdk-8-8u151-b12/src/hotspot/src/share/vm/runtime/sharedRuntime.cpp, line 605]
Event: 5,690 Thread 0x00007f2e4c4bb800 Exception <a 'java/lang/ArrayIndexOutOfBoundsException'> (0x00000000ecc42d38) thrown at [/build/openjdk-8-W2Qe27/openjdk-8-8u151-b12/src/hotspot/src/share/vm/runtime/sharedRuntime.cpp, line 605]

Events (10 events):
Event: 5,707 Thread 0x00007f2e4c4bb800 DEOPT UNPACKING pc=0x00007f2e3c9ddf69 sp=0x00007f2dedc474e0 mode 2
Event: 5,707 loading class java/io/PrintWriter
Event: 5,707 loading class java/io/PrintWriter done
Event: 5,708 loading class java/net/Socket$3
Event: 5,708 loading class java/net/Socket$3 done
Event: 5,708 loading class java/net/SocketOutputStream
Event: 5,708 loading class java/net/SocketOutputStream done
Event: 5,725 Executing VM operation: RevokeBias
Event: 5,725 Executing VM operation: RevokeBias done
Event: 6,800 Executing VM operation: ParallelGCFailedAllocation


Dynamic libraries:
00400000-00401000 r-xp 00000000 08:06 4465530                            /usr/lib/jvm/java-8-openjdk-amd64/jre/bin/java
00600000-00601000 r--p 00000000 08:06 4465530                            /usr/lib/jvm/java-8-openjdk-amd64/jre/bin/java
00601000-00602000 rw-p 00001000 08:06 4465530                            /usr/lib/jvm/java-8-openjdk-amd64/jre/bin/java
00a4b000-00a6c000 rw-p 00000000 00:00 0                                  [heap]
c3800000-c6180000 rw-p 00000000 00:00 0 
c6180000-ebd80000 ---p 00000000 00:00 0 
ebd80000-ee180000 rw-p 00000000 00:00 0 
ee180000-100000000 ---p 00000000 00:00 0 
100000000-100220000 rw-p 00000000 00:00 0 
100220000-140000000 ---p 00000000 00:00 0 
7f2dd8000000-7f2dd8021000 rw-p 00000000 00:00 0 
7f2dd8021000-7f2ddc000000 ---p 00000000 00:00 0 
7f2de0000000-7f2de0277000 rw-p 00000000 00:00 0 
7f2de0277000-7f2de4000000 ---p 00000000 00:00 0 
7f2de4000000-7f2de4021000 rw-p 00000000 00:00 0 
7f2de4021000-7f2de8000000 ---p 00000000 00:00 0 
7f2de8000000-7f2de8021000 rw-p 00000000 00:00 0 
7f2de8021000-7f2dec000000 ---p 00000000 00:00 0 
7f2decaa6000-7f2decc66000 rw-s 00000000 00:05 244757                     /drm mm object (deleted)
7f2decc66000-7f2deccc6000 rw-s 00000000 00:05 244756                     /drm mm object (deleted)
7f2deccc6000-7f2dece86000 rw-s 100a9a000 00:06 1348                      /dev/dri/card0
7f2dece86000-7f2ded046000 rw-p 00000000 00:00 0 
7f2ded046000-7f2ded086000 ---p 00000000 00:00 0 
7f2ded086000-7f2ded089000 ---p 00000000 00:00 0 
7f2ded089000-7f2ded187000 rw-p 00000000 00:00 0 
7f2ded187000-7f2ded240000 r--p 00000000 08:06 395116                     /usr/share/fonts/truetype/dejavu/DejaVuSans.ttf
7f2ded240000-7f2ded440000 rw-p 00000000 00:00 0 
7f2ded440000-7f2ded445000 r-xp 00000000 08:06 4353133                    /usr/lib/jvm/java-8-openjdk-amd64/jre/lib/amd64/libjavafx_font_freetype.so
7f2ded445000-7f2ded644000 ---p 00005000 08:06 4353133                    /usr/lib/jvm/java-8-openjdk-amd64/jre/lib/amd64/libjavafx_font_freetype.so
7f2ded644000-7f2ded645000 r--p 00004000 08:06 4353133                    /usr/lib/jvm/java-8-openjdk-amd64/jre/lib/amd64/libjavafx_font_freetype.so
7f2ded645000-7f2ded646000 rw-p 00005000 08:06 4353133                    /usr/lib/jvm/java-8-openjdk-amd64/jre/lib/amd64/libjavafx_font_freetype.so
7f2ded646000-7f2ded649000 r-xp 00000000 08:06 4353126                    /usr/lib/jvm/java-8-openjdk-amd64/jre/lib/amd64/libjavafx_font.so
7f2ded649000-7f2ded848000 ---p 00003000 08:06 4353126                    /usr/lib/jvm/java-8-openjdk-amd64/jre/lib/amd64/libjavafx_font.so
7f2ded848000-7f2ded849000 r--p 00002000 08:06 4353126                    /usr/lib/jvm/java-8-openjdk-amd64/jre/lib/amd64/libjavafx_font.so
7f2ded849000-7f2ded84a000 rw-p 00003000 08:06 4353126                    /usr/lib/jvm/java-8-openjdk-amd64/jre/lib/amd64/libjavafx_font.so
7f2ded84a000-7f2deda4a000 rw-p 00000000 00:00 0 
7f2deda4a000-7f2deda4d000 ---p 00000000 00:00 0 
7f2deda4d000-7f2dedb4b000 rw-p 00000000 00:00 0 
7f2dedb4b000-7f2dedb4e000 ---p 00000000 00:00 0 
7f2dedb4e000-7f2dedc4c000 rw-p 00000000 00:00 0 
7f2dedc4c000-7f2dedc53000 r-xp 00000000 08:06 3942098                    /usr/lib/x86_64-linux-gnu/libogg.so.0.8.2
7f2dedc53000-7f2dede53000 ---p 00007000 08:06 3942098                    /usr/lib/x86_64-linux-gnu/libogg.so.0.8.2
7f2dede53000-7f2dede54000 r--p 00007000 08:06 3942098                    /usr/lib/x86_64-linux-gnu/libogg.so.0.8.2
7f2dede54000-7f2dede55000 rw-p 00008000 08:06 3942098                    /usr/lib/x86_64-linux-gnu/libogg.so.0.8.2
7f2dede55000-7f2dede7f000 r-xp 00000000 08:06 3942458                    /usr/lib/x86_64-linux-gnu/libvorbis.so.0.4.8
7f2dede7f000-7f2dee07f000 ---p 0002a000 08:06 3942458                    /usr/lib/x86_64-linux-gnu/libvorbis.so.0.4.8
7f2dee07f000-7f2dee080000 r--p 0002a000 08:06 3942458                    /usr/lib/x86_64-linux-gnu/libvorbis.so.0.4.8
7f2dee080000-7f2dee081000 rw-p 0002b000 08:06 3942458                    /usr/lib/x86_64-linux-gnu/libvorbis.so.0.4.8
7f2dee081000-7f2dee08a000 r-xp 00000000 08:06 3941961                    /usr/lib/x86_64-linux-gnu/libltdl.so.7.3.1
7f2dee08a000-7f2dee289000 ---p 00009000 08:06 3941961                    /usr/lib/x86_64-linux-gnu/libltdl.so.7.3.1
7f2dee289000-7f2dee28a000 r--p 00008000 08:06 3941961                    /usr/lib/x86_64-linux-gnu/libltdl.so.7.3.1
7f2dee28a000-7f2dee28b000 rw-p 00009000 08:06 3941961                    /usr/lib/x86_64-linux-gnu/libltdl.so.7.3.1
7f2dee28b000-7f2dee29f000 r-xp 00000000 08:06 3942347                    /usr/lib/x86_64-linux-gnu/libtdb.so.1.3.8
7f2dee29f000-7f2dee49e000 ---p 00014000 08:06 3942347                    /usr/lib/x86_64-linux-gnu/libtdb.so.1.3.8
7f2dee49e000-7f2dee49f000 r--p 00013000 08:06 3942347                    /usr/lib/x86_64-linux-gnu/libtdb.so.1.3.8
7f2dee49f000-7f2dee4a0000 rw-p 00014000 08:06 3942347                    /usr/lib/x86_64-linux-gnu/libtdb.so.1.3.8
7f2dee4a0000-7f2dee4a7000 r-xp 00000000 08:06 3942462                    /usr/lib/x86_64-linux-gnu/libvorbisfile.so.3.3.7
7f2dee4a7000-7f2dee6a7000 ---p 00007000 08:06 3942462                    /usr/lib/x86_64-linux-gnu/libvorbisfile.so.3.3.7
7f2dee6a7000-7f2dee6a8000 r--p 00007000 08:06 3942462                    /usr/lib/x86_64-linux-gnu/libvorbisfile.so.3.3.7
7f2dee6a8000-7f2dee6a9000 rw-p 00008000 08:06 3942462                    /usr/lib/x86_64-linux-gnu/libvorbisfile.so.3.3.7
7f2dee6a9000-7f2dee6b9000 r-xp 00000000 08:06 3941347                    /usr/lib/x86_64-linux-gnu/libcanberra.so.0.2.5
7f2dee6b9000-7f2dee8b8000 ---p 00010000 08:06 3941347                    /usr/lib/x86_64-linux-gnu/libcanberra.so.0.2.5
7f2dee8b8000-7f2dee8b9000 r--p 0000f000 08:06 3941347                    /usr/lib/x86_64-linux-gnu/libcanberra.so.0.2.5
7f2dee8b9000-7f2dee8ba000 rw-p 00010000 08:06 3941347                    /usr/lib/x86_64-linux-gnu/libcanberra.so.0.2.5
7f2dee8ba000-7f2dee8be000 r-xp 00000000 08:06 3941343                    /usr/lib/x86_64-linux-gnu/libcanberra-gtk.so.0.1.9
7f2dee8be000-7f2deeabd000 ---p 00004000 08:06 3941343                    /usr/lib/x86_64-linux-gnu/libcanberra-gtk.so.0.1.9
7f2deeabd000-7f2deeabe000 r--p 00003000 08:06 3941343                    /usr/lib/x86_64-linux-gnu/libcanberra-gtk.so.0.1.9
7f2deeabe000-7f2deeabf000 rw-p 00004000 08:06 3941343                    /usr/lib/x86_64-linux-gnu/libcanberra-gtk.so.0.1.9
7f2deeabf000-7f2deeac4000 r-xp 00000000 08:06 4197209                    /usr/lib/x86_64-linux-gnu/gtk-2.0/modules/libcanberra-gtk-module.so
7f2deeac4000-7f2deecc3000 ---p 00005000 08:06 4197209                    /usr/lib/x86_64-linux-gnu/gtk-2.0/modules/libcanberra-gtk-module.so
7f2deecc3000-7f2deecc4000 r--p 00004000 08:06 4197209                    /usr/lib/x86_64-linux-gnu/gtk-2.0/modules/libcanberra-gtk-module.so
7f2deecc4000-7f2deecc5000 rw-p 00005000 08:06 4197209                    /usr/lib/x86_64-linux-gnu/gtk-2.0/modules/libcanberra-gtk-module.so
7f2deecc5000-7f2deecf5000 r-xp 00000000 08:06 4197191                    /usr/lib/x86_64-linux-gnu/gtk-2.0/2.10.0/engines/libmurrine.so
7f2deecf5000-7f2deeef5000 ---p 00030000 08:06 4197191                    /usr/lib/x86_64-linux-gnu/gtk-2.0/2.10.0/engines/libmurrine.so
7f2deeef5000-7f2deeef6000 r--p 00030000 08:06 4197191                    /usr/lib/x86_64-linux-gnu/gtk-2.0/2.10.0/engines/libmurrine.so
7f2deeef6000-7f2deeef7000 rw-p 00031000 08:06 4197191                    /usr/lib/x86_64-linux-gnu/gtk-2.0/2.10.0/engines/libmurrine.so
7f2deeef7000-7f2deeefd000 r-xp 00000000 08:06 3941430                    /usr/lib/x86_64-linux-gnu/libdatrie.so.1.3.3
7f2deeefd000-7f2def0fd000 ---p 00006000 08:06 3941430                    /usr/lib/x86_64-linux-gnu/libdatrie.so.1.3.3
7f2def0fd000-7f2def0fe000 r--p 00006000 08:06 3941430                    /usr/lib/x86_64-linux-gnu/libdatrie.so.1.3.3
7f2def0fe000-7f2def0ff000 rw-p 00007000 08:06 3941430                    /usr/lib/x86_64-linux-gnu/libdatrie.so.1.3.3
7f2def0ff000-7f2def123000 r-xp 00000000 08:06 3932343                    /usr/lib/x86_64-linux-gnu/libgraphite2.so.3.0.1
7f2def123000-7f2def322000 ---p 00024000 08:06 3932343                    /usr/lib/x86_64-linux-gnu/libgraphite2.so.3.0.1
7f2def322000-7f2def324000 r--p 00023000 08:06 3932343                    /usr/lib/x86_64-linux-gnu/libgraphite2.so.3.0.1
7f2def324000-7f2def325000 rw-p 00025000 08:06 3932343                    /usr/lib/x86_64-linux-gnu/libgraphite2.so.3.0.1
7f2def325000-7f2def32d000 r-xp 00000000 08:06 3942355                    /usr/lib/x86_64-linux-gnu/libthai.so.0.2.4
7f2def32d000-7f2def52c000 ---p 00008000 08:06 3942355                    /usr/lib/x86_64-linux-gnu/libthai.so.0.2.4
7f2def52c000-7f2def52d000 r--p 00007000 08:06 3942355                    /usr/lib/x86_64-linux-gnu/libthai.so.0.2.4
7f2def52d000-7f2def52e000 rw-p 00008000 08:06 3942355                    /usr/lib/x86_64-linux-gnu/libthai.so.0.2.4
7f2def52e000-7f2def58a000 r-xp 00000000 08:06 3941822                    /usr/lib/x86_64-linux-gnu/libharfbuzz.so.0.10000.1
7f2def58a000-7f2def78a000 ---p 0005c000 08:06 3941822                    /usr/lib/x86_64-linux-gnu/libharfbuzz.so.0.10000.1
7f2def78a000-7f2def78b000 r--p 0005c000 08:06 3941822                    /usr/lib/x86_64-linux-gnu/libharfbuzz.so.0.10000.1
7f2def78b000-7f2def78c000 rw-p 0005d000 08:06 3941822                    /usr/lib/x86_64-linux-gnu/libharfbuzz.so.0.10000.1
7f2def78c000-7f2def7fa000 r-xp 00000000 08:06 3019555                    /lib/x86_64-linux-gnu/libpcre.so.3.13.2
7f2def7fa000-7f2def9fa000 ---p 0006e000 08:06 3019555                    /lib/x86_64-linux-gnu/libpcre.so.3.13.2
7f2def9fa000-7f2def9fb000 r--p 0006e000 08:06 3019555                    /lib/x86_64-linux-gnu/libpcre.so.3.13.2
7f2def9fb000-7f2def9fc000 rw-p 0006f000 08:06 3019555                    /lib/x86_64-linux-gnu/libpcre.so.3.13.2
7f2def9fc000-7f2defa03000 r-xp 00000000 08:06 3941559                    /usr/lib/x86_64-linux-gnu/libffi.so.6.0.4
7f2defa03000-7f2defc02000 ---p 00007000 08:06 3941559                    /usr/lib/x86_64-linux-gnu/libffi.so.6.0.4
7f2defc02000-7f2defc03000 r--p 00006000 08:06 3941559                    /usr/lib/x86_64-linux-gnu/libffi.so.6.0.4
7f2defc03000-7f2defc04000 rw-p 00007000 08:06 3941559                    /usr/lib/x86_64-linux-gnu/libffi.so.6.0.4
7f2defc04000-7f2defc1b000 r-xp 00000000 08:06 3019617                    /lib/x86_64-linux-gnu/libresolv-2.23.so
7f2defc1b000-7f2defe1b000 ---p 00017000 08:06 3019617                    /lib/x86_64-linux-gnu/libresolv-2.23.so
7f2defe1b000-7f2defe1c000 r--p 00017000 08:06 3019617                    /lib/x86_64-linux-gnu/libresolv-2.23.so
7f2defe1c000-7f2defe1d000 rw-p 00018000 08:06 3019617                    /lib/x86_64-linux-gnu/libresolv-2.23.so
7f2defe1d000-7f2defe1f000 rw-p 00000000 00:00 0 
7f2defe1f000-7f2defe3e000 r-xp 00000000 08:06 3019584                    /lib/x86_64-linux-gnu/libselinux.so.1
7f2defe3e000-7f2df003d000 ---p 0001f000 08:06 3019584                    /lib/x86_64-linux-gnu/libselinux.so.1
7f2df003d000-7f2df003e000 r--p 0001e000 08:06 3019584                    /lib/x86_64-linux-gnu/libselinux.so.1
7f2df003e000-7f2df003f000 rw-p 0001f000 08:06 3019584                    /lib/x86_64-linux-gnu/libselinux.so.1
7f2df003f000-7f2df0041000 rw-p 00000000 00:00 0 
7f2df0041000-7f2df0049000 r-xp 00000000 08:06 3942569                    /usr/lib/x86_64-linux-gnu/libxcb-render.so.0.0.0
7f2df0049000-7f2df0249000 ---p 00008000 08:06 3942569                    /usr/lib/x86_64-linux-gnu/libxcb-render.so.0.0.0
7f2df0249000-7f2df024a000 r--p 00008000 08:06 3942569                    /usr/lib/x86_64-linux-gnu/libxcb-render.so.0.0.0
7f2df024a000-7f2df024b000 rw-p 00009000 08:06 3942569                    /usr/lib/x86_64-linux-gnu/libxcb-render.so.0.0.0
7f2df024b000-7f2df024d000 r-xp 00000000 08:06 3942573                    /usr/lib/x86_64-linux-gnu/libxcb-shm.so.0.0.0
7f2df024d000-7f2df044d000 ---p 00002000 08:06 3942573                    /usr/lib/x86_64-linux-gnu/libxcb-shm.so.0.0.0
7f2df044d000-7f2df044e000 r--p 00002000 08:06 3942573                    /usr/lib/x86_64-linux-gnu/libxcb-shm.so.0.0.0
7f2df044e000-7f2df044f000 rw-p 00003000 08:06 3942573                    /usr/lib/x86_64-linux-gnu/libxcb-shm.so.0.0.0
7f2df044f000-7f2df0473000 r-xp 00000000 08:06 3019567                    /lib/x86_64-linux-gnu/libpng12.so.0.54.0
7f2df0473000-7f2df0672000 ---p 00024000 08:06 3019567                    /lib/x86_64-linux-gnu/libpng12.so.0.54.0
7f2df0672000-7f2df0673000 r--p 00023000 08:06 3019567                    /lib/x86_64-linux-gnu/libpng12.so.0.54.0
7f2df0673000-7f2df0674000 rw-p 00024000 08:06 3019567                    /lib/x86_64-linux-gnu/libpng12.so.0.54.0
7f2df0674000-7f2df0718000 r-xp 00000000 08:06 3941823                    /usr/lib/x86_64-linux-gnu/libfreetype.so.6.12.1
7f2df0718000-7f2df0917000 ---p 000a4000 08:06 3941823                    /usr/lib/x86_64-linux-gnu/libfreetype.so.6.12.1
7f2df0917000-7f2df091d000 r--p 000a3000 08:06 3941823                    /usr/lib/x86_64-linux-gnu/libfreetype.so.6.12.1
7f2df091d000-7f2df091e000 rw-p 000a9000 08:06 3941823                    /usr/lib/x86_64-linux-gnu/libfreetype.so.6.12.1
7f2df091e000-7f2df09bd000 r-xp 00000000 08:06 3942154                    /usr/lib/x86_64-linux-gnu/libpixman-1.so.0.33.6
7f2df09bd000-7f2df0bbd000 ---p 0009f000 08:06 3942154                    /usr/lib/x86_64-linux-gnu/libpixman-1.so.0.33.6
7f2df0bbd000-7f2df0bc5000 r--p 0009f000 08:06 3942154                    /usr/lib/x86_64-linux-gnu/libpixman-1.so.0.33.6
7f2df0bc5000-7f2df0bc6000 rw-p 000a7000 08:06 3942154                    /usr/lib/x86_64-linux-gnu/libpixman-1.so.0.33.6
7f2df0bc6000-7f2df0bc8000 r-xp 00000000 08:06 3941179                    /usr/lib/x86_64-linux-gnu/libXcomposite.so.1.0.0
7f2df0bc8000-7f2df0dc7000 ---p 00002000 08:06 3941179                    /usr/lib/x86_64-linux-gnu/libXcomposite.so.1.0.0
7f2df0dc7000-7f2df0dc8000 r--p 00001000 08:06 3941179                    /usr/lib/x86_64-linux-gnu/libXcomposite.so.1.0.0
7f2df0dc8000-7f2df0dc9000 rw-p 00002000 08:06 3941179                    /usr/lib/x86_64-linux-gnu/libXcomposite.so.1.0.0
7f2df0dc9000-7f2df0dd2000 r-xp 00000000 08:06 3932764                    /usr/lib/x86_64-linux-gnu/libXcursor.so.1.0.2
7f2df0dd2000-7f2df0fd1000 ---p 00009000 08:06 3932764                    /usr/lib/x86_64-linux-gnu/libXcursor.so.1.0.2
7f2df0fd1000-7f2df0fd2000 r--p 00008000 08:06 3932764                    /usr/lib/x86_64-linux-gnu/libXcursor.so.1.0.2
7f2df0fd2000-7f2df0fd3000 rw-p 00009000 08:06 3932764                    /usr/lib/x86_64-linux-gnu/libXcursor.so.1.0.2
7f2df0fd3000-7f2df0fdd000 r-xp 00000000 08:06 3941205                    /usr/lib/x86_64-linux-gnu/libXrandr.so.2.2.0
7f2df0fdd000-7f2df11dc000 ---p 0000a000 08:06 3941205                    /usr/lib/x86_64-linux-gnu/libXrandr.so.2.2.0
7f2df11dc000-7f2df11dd000 r--p 00009000 08:06 3941205                    /usr/lib/x86_64-linux-gnu/libXrandr.so.2.2.0
7f2df11dd000-7f2df11de000 rw-p 0000a000 08:06 3941205                    /usr/lib/x86_64-linux-gnu/libXrandr.so.2.2.0
7f2df11de000-7f2df11ed000 r-xp 00000000 08:06 3941195                    /usr/lib/x86_64-linux-gnu/libXi.so.6.1.0
7f2df11ed000-7f2df13ec000 ---p 0000f000 08:06 3941195                    /usr/lib/x86_64-linux-gnu/libXi.so.6.1.0
7f2df13ec000-7f2df13ed000 r--p 0000e000 08:06 3941195                    /usr/lib/x86_64-linux-gnu/libXi.so.6.1.0
7f2df13ed000-7f2df13ee000 rw-p 0000f000 08:06 3941195                    /usr/lib/x86_64-linux-gnu/libXi.so.6.1.0
7f2df13ee000-7f2df13f0000 r-xp 00000000 08:06 3941197                    /usr/lib/x86_64-linux-gnu/libXinerama.so.1.0.0
7f2df13f0000-7f2df15ef000 ---p 00002000 08:06 3941197                    /usr/lib/x86_64-linux-gnu/libXinerama.so.1.0.0
7f2df15ef000-7f2df15f0000 r--p 00001000 08:06 3941197                    /usr/lib/x86_64-linux-gnu/libXinerama.so.1.0.0
7f2df15f0000-7f2df15f1000 rw-p 00002000 08:06 3941197                    /usr/lib/x86_64-linux-gnu/libXinerama.so.1.0.0
7f2df15f1000-7f2df15fa000 r-xp 00000000 08:06 3941207                    /usr/lib/x86_64-linux-gnu/libXrender.so.1.3.0
7f2df15fa000-7f2df17f9000 ---p 00009000 08:06 3941207                    /usr/lib/x86_64-linux-gnu/libXrender.so.1.3.0
7f2df17f9000-7f2df17fa000 r--p 00008000 08:06 3941207                    /usr/lib/x86_64-linux-gnu/libXrender.so.1.3.0
7f2df17fa000-7f2df17fb000 rw-p 00009000 08:06 3941207                    /usr/lib/x86_64-linux-gnu/libXrender.so.1.3.0
7f2df17fb000-7f2df1838000 r-xp 00000000 08:06 3941573                    /usr/lib/x86_64-linux-gnu/libfontconfig.so.1.9.0
7f2df1838000-7f2df1a37000 ---p 0003d000 08:06 3941573                    /usr/lib/x86_64-linux-gnu/libfontconfig.so.1.9.0
7f2df1a37000-7f2df1a39000 r--p 0003c000 08:06 3941573                    /usr/lib/x86_64-linux-gnu/libfontconfig.so.1.9.0
7f2df1a39000-7f2df1a3e000 rw-p 0003e000 08:06 3941573                    /usr/lib/x86_64-linux-gnu/libfontconfig.so.1.9.0
7f2df1a3e000-7f2df1a87000 r-xp 00000000 08:06 3942124                    /usr/lib/x86_64-linux-gnu/libpango-1.0.so.0.3800.1
7f2df1a87000-7f2df1c87000 ---p 00049000 08:06 3942124                    /usr/lib/x86_64-linux-gnu/libpango-1.0.so.0.3800.1
7f2df1c87000-7f2df1c89000 r--p 00049000 08:06 3942124                    /usr/lib/x86_64-linux-gnu/libpango-1.0.so.0.3800.1
7f2df1c89000-7f2df1c8a000 rw-p 0004b000 08:06 3942124                    /usr/lib/x86_64-linux-gnu/libpango-1.0.so.0.3800.1
7f2df1c8a000-7f2df1c9e000 r-xp 00000000 08:06 3942128                    /usr/lib/x86_64-linux-gnu/libpangoft2-1.0.so.0.3800.1
7f2df1c9e000-7f2df1e9e000 ---p 00014000 08:06 3942128                    /usr/lib/x86_64-linux-gnu/libpangoft2-1.0.so.0.3800.1
7f2df1e9e000-7f2df1e9f000 r--p 00014000 08:06 3942128                    /usr/lib/x86_64-linux-gnu/libpangoft2-1.0.so.0.3800.1
7f2df1e9f000-7f2df1ea0000 rw-p 00015000 08:06 3942128                    /usr/lib/x86_64-linux-gnu/libpangoft2-1.0.so.0.3800.1
7f2df1ea0000-7f2df1ec2000 r-xp 00000000 08:06 3941278                    /usr/lib/x86_64-linux-gnu/libatk-1.0.so.0.21809.1
7f2df1ec2000-7f2df20c1000 ---p 00022000 08:06 3941278                    /usr/lib/x86_64-linux-gnu/libatk-1.0.so.0.21809.1
7f2df20c1000-7f2df20c4000 r--p 00021000 08:06 3941278                    /usr/lib/x86_64-linux-gnu/libatk-1.0.so.0.21809.1
7f2df20c4000-7f2df20c5000 rw-p 00024000 08:06 3941278                    /usr/lib/x86_64-linux-gnu/libatk-1.0.so.0.21809.1
7f2df20c5000-7f2df20d1000 r-xp 00000000 08:06 3942126                    /usr/lib/x86_64-linux-gnu/libpangocairo-1.0.so.0.3800.1
7f2df20d1000-7f2df22d0000 ---p 0000c000 08:06 3942126                    /usr/lib/x86_64-linux-gnu/libpangocairo-1.0.so.0.3800.1
7f2df22d0000-7f2df22d1000 r--p 0000b000 08:06 3942126                    /usr/lib/x86_64-linux-gnu/libpangocairo-1.0.so.0.3800.1
7f2df22d1000-7f2df22d2000 rw-p 0000c000 08:06 3942126                    /usr/lib/x86_64-linux-gnu/libpangocairo-1.0.so.0.3800.1
7f2df22d2000-7f2df22d5000 r-xp 00000000 08:06 3941690                    /usr/lib/x86_64-linux-gnu/libgmodule-2.0.so.0.4800.2
7f2df22d5000-7f2df24d4000 ---p 00003000 08:06 3941690                    /usr/lib/x86_64-linux-gnu/libgmodule-2.0.so.0.4800.2
7f2df24d4000-7f2df24d5000 r--p 00002000 08:06 3941690                    /usr/lib/x86_64-linux-gnu/libgmodule-2.0.so.0.4800.2
7f2df24d5000-7f2df24d6000 rw-p 00003000 08:06 3941690                    /usr/lib/x86_64-linux-gnu/libgmodule-2.0.so.0.4800.2
7f2df24d6000-7f2df24db000 r-xp 00000000 08:06 3941213                    /usr/lib/x86_64-linux-gnu/libXtst.so.6.1.0
7f2df24db000-7f2df26da000 ---p 00005000 08:06 3941213                    /usr/lib/x86_64-linux-gnu/libXtst.so.6.1.0
7f2df26da000-7f2df26db000 r--p 00004000 08:06 3941213                    /usr/lib/x86_64-linux-gnu/libXtst.so.6.1.0
7f2df26db000-7f2df26dc000 rw-p 00005000 08:06 3941213                    /usr/lib/x86_64-linux-gnu/libXtst.so.6.1.0
7f2df26dc000-7f2df27eb000 r-xp 00000000 08:06 3019468                    /lib/x86_64-linux-gnu/libglib-2.0.so.0.4800.2
7f2df27eb000-7f2df29ea000 ---p 0010f000 08:06 3019468                    /lib/x86_64-linux-gnu/libglib-2.0.so.0.4800.2
7f2df29ea000-7f2df29eb000 r--p 0010e000 08:06 3019468                    /lib/x86_64-linux-gnu/libglib-2.0.so.0.4800.2
7f2df29eb000-7f2df29ec000 rw-p 0010f000 08:06 3019468                    /lib/x86_64-linux-gnu/libglib-2.0.so.0.4800.2
7f2df29ec000-7f2df29ed000 rw-p 00000000 00:00 0 
7f2df29ed000-7f2df29ee000 r-xp 00000000 08:06 3941787                    /usr/lib/x86_64-linux-gnu/libgthread-2.0.so.0.4800.2
7f2df29ee000-7f2df2bed000 ---p 00001000 08:06 3941787                    /usr/lib/x86_64-linux-gnu/libgthread-2.0.so.0.4800.2
7f2df2bed000-7f2df2bee000 r--p 00000000 08:06 3941787                    /usr/lib/x86_64-linux-gnu/libgthread-2.0.so.0.4800.2
7f2df2bee000-7f2df2bef000 rw-p 00001000 08:06 3941787                    /usr/lib/x86_64-linux-gnu/libgthread-2.0.so.0.4800.2
7f2df2bef000-7f2df2c41000 r-xp 00000000 08:06 3941714                    /usr/lib/x86_64-linux-gnu/libgobject-2.0.so.0.4800.2
7f2df2c41000-7f2df2e40000 ---p 00052000 08:06 3941714                    /usr/lib/x86_64-linux-gnu/libgobject-2.0.so.0.4800.2
7f2df2e40000-7f2df2e41000 r--p 00051000 08:06 3941714                    /usr/lib/x86_64-linux-gnu/libgobject-2.0.so.0.4800.2
7f2df2e41000-7f2df2e42000 rw-p 00052000 08:06 3941714                    /usr/lib/x86_64-linux-gnu/libgobject-2.0.so.0.4800.2
7f2df2e42000-7f2df2fc2000 r-xp 00000000 08:06 3941676                    /usr/lib/x86_64-linux-gnu/libgio-2.0.so.0.4800.2
7f2df2fc2000-7f2df31c2000 ---p 00180000 08:06 3941676                    /usr/lib/x86_64-linux-gnu/libgio-2.0.so.0.4800.2
7f2df31c2000-7f2df31c6000 r--p 00180000 08:06 3941676                    /usr/lib/x86_64-linux-gnu/libgio-2.0.so.0.4800.2
7f2df31c6000-7f2df31c8000 rw-p 00184000 08:06 3941676                    /usr/lib/x86_64-linux-gnu/libgio-2.0.so.0.4800.2
7f2df31c8000-7f2df31ca000 rw-p 00000000 00:00 0 
7f2df31ca000-7f2df31eb000 r-xp 00000000 08:06 3942245                    /usr/lib/x86_64-linux-gnu/libgdk_pixbuf-2.0.so.0.3200.2
7f2df31eb000-7f2df33ea000 ---p 00021000 08:06 3942245                    /usr/lib/x86_64-linux-gnu/libgdk_pixbuf-2.0.so.0.3200.2
7f2df33ea000-7f2df33eb000 r--p 00020000 08:06 3942245                    /usr/lib/x86_64-linux-gnu/libgdk_pixbuf-2.0.so.0.3200.2
7f2df33eb000-7f2df33ec000 rw-p 00021000 08:06 3942245                    /usr/lib/x86_64-linux-gnu/libgdk_pixbuf-2.0.so.0.3200.2
7f2df33ec000-7f2df34fa000 r-xp 00000000 08:06 3941335                    /usr/lib/x86_64-linux-gnu/libcairo.so.2.11400.6
7f2df34fa000-7f2df36fa000 ---p 0010e000 08:06 3941335                    /usr/lib/x86_64-linux-gnu/libcairo.so.2.11400.6
7f2df36fa000-7f2df36fd000 r--p 0010e000 08:06 3941335                    /usr/lib/x86_64-linux-gnu/libcairo.so.2.11400.6
7f2df36fd000-7f2df36fe000 rw-p 00111000 08:06 3941335                    /usr/lib/x86_64-linux-gnu/libcairo.so.2.11400.6
7f2df36fe000-7f2df3700000 rw-p 00000000 00:00 0 
7f2df3700000-7f2df37b0000 r-xp 00000000 08:06 3940754                    /usr/lib/x86_64-linux-gnu/libgdk-x11-2.0.so.0.2400.30
7f2df37b0000-7f2df39af000 ---p 000b0000 08:06 3940754                    /usr/lib/x86_64-linux-gnu/libgdk-x11-2.0.so.0.2400.30
7f2df39af000-7f2df39b3000 r--p 000af000 08:06 3940754                    /usr/lib/x86_64-linux-gnu/libgdk-x11-2.0.so.0.2400.30
7f2df39b3000-7f2df39b5000 rw-p 000b3000 08:06 3940754                    /usr/lib/x86_64-linux-gnu/libgdk-x11-2.0.so.0.2400.30
7f2df39b5000-7f2df3df3000 r-xp 00000000 08:06 3940755                    /usr/lib/x86_64-linux-gnu/libgtk-x11-2.0.so.0.2400.30
7f2df3df3000-7f2df3ff2000 ---p 0043e000 08:06 3940755                    /usr/lib/x86_64-linux-gnu/libgtk-x11-2.0.so.0.2400.30
7f2df3ff2000-7f2df3ff9000 r--p 0043d000 08:06 3940755                    /usr/lib/x86_64-linux-gnu/libgtk-x11-2.0.so.0.2400.30
7f2df3ff9000-7f2df3ffd000 rw-p 00444000 08:06 3940755                    /usr/lib/x86_64-linux-gnu/libgtk-x11-2.0.so.0.2400.30
7f2df3ffd000-7f2df4000000 rw-p 00000000 00:00 0 
7f2df4000000-7f2df4021000 rw-p 00000000 00:00 0 
7f2df4021000-7f2df8000000 ---p 00000000 00:00 0 
7f2df8000000-7f2df9e64000 rw-p 00000000 00:00 0 
7f2df9e64000-7f2dfc000000 ---p 00000000 00:00 0 
7f2dfc000000-7f2dfc219000 rw-p 00000000 00:00 0 
7f2dfc219000-7f2e00000000 ---p 00000000 00:00 0 
7f2e00000000-7f2e00021000 rw-p 00000000 00:00 0 
7f2e00021000-7f2e04000000 ---p 00000000 00:00 0 
7f2e04000000-7f2e04212000 rw-p 00000000 00:00 0 
7f2e04212000-7f2e08000000 ---p 00000000 00:00 0 
7f2e08000000-7f2e08073000 rw-p 00000000 00:00 0 
7f2e08073000-7f2e0c000000 ---p 00000000 00:00 0 
7f2e0c000000-7f2e0c021000 rw-p 00000000 00:00 0 
7f2e0c021000-7f2e10000000 ---p 00000000 00:00 0 
7f2e10000000-7f2e10021000 rw-p 00000000 00:00 0 
7f2e10021000-7f2e14000000 ---p 00000000 00:00 0 
7f2e14000000-7f2e14021000 rw-p 00000000 00:00 0 
7f2e14021000-7f2e18000000 ---p 00000000 00:00 0 
7f2e18000000-7f2e18021000 rw-p 00000000 00:00 0 
7f2e18021000-7f2e1c000000 ---p 00000000 00:00 0 
7f2e1c000000-7f2e1c021000 rw-p 00000000 00:00 0 
7f2e1c021000-7f2e20000000 ---p 00000000 00:00 0 
7f2e20000000-7f2e20021000 rw-p 00000000 00:00 0 
7f2e20021000-7f2e24000000 ---p 00000000 00:00 0 
7f2e24000000-7f2e24021000 rw-p 00000000 00:00 0 
7f2e24021000-7f2e28000000 ---p 00000000 00:00 0 
7f2e28028000-7f2e28030000 rw-s 00000000 00:05 244765                     /drm mm object (deleted)
7f2e28030000-7f2e28032000 rw-s 100c5a000 00:06 1348                      /dev/dri/card0
7f2e28032000-7f2e28042000 rw-s 00000000 00:05 244760                     /drm mm object (deleted)
7f2e28042000-7f2e28050000 rw-s 00000000 00:05 244755                     /drm mm object (deleted)
7f2e28050000-7f2e28060000 rw-s 00000000 00:05 245813                     /drm mm object (deleted)
7f2e28060000-7f2e28068000 rw-s 00000000 00:05 245796                     /drm mm object (deleted)
7f2e28068000-7f2e28074000 rw-s 00000000 00:05 244287                     /drm mm object (deleted)
7f2e28074000-7f2e2807f000 r--s 00000000 08:06 2359390                    /var/cache/fontconfig/945677eb7aeaf62f1d50efc3fb3ec7d8-le64.cache-6
7f2e2807f000-7f2e28085000 r--s 00000000 08:06 2359372                    /var/cache/fontconfig/2cd17615ca594fa2959ae173292e504c-le64.cache-6
7f2e28085000-7f2e28086000 r--s 00000000 08:06 2359369                    /var/cache/fontconfig/0d8c3b2ac0904cb8a57a757ad11a4a08-le64.cache-6
7f2e28086000-7f2e2809b000 r--s 00000000 08:06 2359366                    /var/cache/fontconfig/04aabc0a78ac019cf9454389977116d2-le64.cache-6
7f2e2809b000-7f2e2809c000 r--s 00000000 08:06 2359371                    /var/cache/fontconfig/1ac9eb803944fde146138c791f5cc56a-le64.cache-6
7f2e2809c000-7f2e280a0000 r--s 00000000 08:06 2359376                    /var/cache/fontconfig/385c0604a188198f04d133e54aba7fe7-le64.cache-6
7f2e280a0000-7f2e280a1000 r--s 00000000 08:06 2359403                    /var/cache/fontconfig/dc05db6664285cc2f12bf69c139ae4c3-le64.cache-6
7f2e280a1000-7f2e280a4000 r--s 00000000 08:06 2359386                    /var/cache/fontconfig/767a8244fc0220cfb567a839d0392e0b-le64.cache-6
7f2e280a4000-7f2e280a5000 r--s 00000000 08:06 2373104                    /var/cache/fontconfig/4794a0821666d79190d59a36cb4f44b5-le64.cache-6
7f2e280a5000-7f2e280aa000 r--s 00000000 08:06 2359389                    /var/cache/fontconfig/8801497958630a81b71ace7c5f9b32a8-le64.cache-6
7f2e280aa000-7f2e280ae000 r--s 00000000 08:06 2364749                    /var/cache/fontconfig/69c252d2c43c6a4e228281b992d76c04-le64.cache-6
7f2e280ae000-7f2e280af000 r--s 00000000 08:06 2359396                    /var/cache/fontconfig/bab58bb527bb656aaa9f116d68a48d89-le64.cache-6
7f2e280af000-7f2e280b6000 r--s 00000000 08:06 2359373                    /var/cache/fontconfig/3047814df9a2f067bd2d96a2b9c36e5a-le64.cache-6
7f2e280b6000-7f2e280be000 r--s 00000000 08:06 2403949                    /var/cache/fontconfig/bf3b770c553c462765856025a94f1ce6-le64.cache-6
7f2e280be000-7f2e280c1000 ---p 00000000 00:00 0 
7f2e280c1000-7f2e281bf000 rw-p 00000000 00:00 0 
7f2e281bf000-7f2e281e7000 r-xp 00000000 08:06 4353132                    /usr/lib/jvm/java-8-openjdk-amd64/jre/lib/amd64/libglass.so
7f2e281e7000-7f2e283e7000 ---p 00028000 08:06 4353132                    /usr/lib/jvm/java-8-openjdk-amd64/jre/lib/amd64/libglass.so
7f2e283e7000-7f2e283e8000 r--p 00028000 08:06 4353132                    /usr/lib/jvm/java-8-openjdk-amd64/jre/lib/amd64/libglass.so
7f2e283e8000-7f2e283e9000 rw-p 00029000 08:06 4353132                    /usr/lib/jvm/java-8-openjdk-amd64/jre/lib/amd64/libglass.so
7f2e283e9000-7f2e28420000 r-xp 00000000 08:06 3942384                    /usr/lib/x86_64-linux-gnu/libtxc_dxtn_s2tc.so.0.0.0
7f2e28420000-7f2e2861f000 ---p 00037000 08:06 3942384                    /usr/lib/x86_64-linux-gnu/libtxc_dxtn_s2tc.so.0.0.0
7f2e2861f000-7f2e28620000 r--p 00036000 08:06 3942384                    /usr/lib/x86_64-linux-gnu/libtxc_dxtn_s2tc.so.0.0.0
7f2e28620000-7f2e28621000 rw-p 00037000 08:06 3942384                    /usr/lib/x86_64-linux-gnu/libtxc_dxtn_s2tc.so.0.0.0
7f2e28621000-7f2e28629000 r-xp 00000000 08:06 3942140                    /usr/lib/x86_64-linux-gnu/libpciaccess.so.0.11.1
7f2e28629000-7f2e28829000 ---p 00008000 08:06 3942140                    /usr/lib/x86_64-linux-gnu/libpciaccess.so.0.11.1
7f2e28829000-7f2e2882a000 r--p 00008000 08:06 3942140                    /usr/lib/x86_64-linux-gnu/libpciaccess.so.0.11.1
7f2e2882a000-7f2e2882b000 rw-p 00009000 08:06 3942140                    /usr/lib/x86_64-linux-gnu/libpciaccess.so.0.11.1
7f2e2882b000-7f2e28836000 r-xp 00000000 08:06 3933729                    /usr/lib/x86_64-linux-gnu/libdrm_radeon.so.1.0.1
7f2e28836000-7f2e28a35000 ---p 0000b000 08:06 3933729                    /usr/lib/x86_64-linux-gnu/libdrm_radeon.so.1.0.1
7f2e28a35000-7f2e28a36000 r--p 0000a000 08:06 3933729                    /usr/lib/x86_64-linux-gnu/libdrm_radeon.so.1.0.1
7f2e28a36000-7f2e28a37000 rw-p 0000b000 08:06 3933729                    /usr/lib/x86_64-linux-gnu/libdrm_radeon.so.1.0.1
7f2e28a37000-7f2e28a3e000 r-xp 00000000 08:06 3933717                    /usr/lib/x86_64-linux-gnu/libdrm_nouveau.so.2.0.0
7f2e28a3e000-7f2e28c3d000 ---p 00007000 08:06 3933717                    /usr/lib/x86_64-linux-gnu/libdrm_nouveau.so.2.0.0
7f2e28c3d000-7f2e28c3e000 r--p 00006000 08:06 3933717                    /usr/lib/x86_64-linux-gnu/libdrm_nouveau.so.2.0.0
7f2e28c3e000-7f2e28c3f000 rw-p 00007000 08:06 3933717                    /usr/lib/x86_64-linux-gnu/libdrm_nouveau.so.2.0.0
7f2e28c3f000-7f2e28c61000 r-xp 00000000 08:06 3936240                    /usr/lib/x86_64-linux-gnu/libdrm_intel.so.1.0.0
7f2e28c61000-7f2e28e60000 ---p 00022000 08:06 3936240                    /usr/lib/x86_64-linux-gnu/libdrm_intel.so.1.0.0
7f2e28e60000-7f2e28e61000 r--p 00021000 08:06 3936240                    /usr/lib/x86_64-linux-gnu/libdrm_intel.so.1.0.0
7f2e28e61000-7f2e28e62000 rw-p 00022000 08:06 3936240                    /usr/lib/x86_64-linux-gnu/libdrm_intel.so.1.0.0
7f2e28e62000-7f2e2951c000 r-xp 00000000 08:06 4196316                    /usr/lib/x86_64-linux-gnu/dri/i965_dri.so
7f2e2951c000-7f2e2971c000 ---p 006ba000 08:06 4196316                    /usr/lib/x86_64-linux-gnu/dri/i965_dri.so
7f2e2971c000-7f2e2975e000 r--p 006ba000 08:06 4196316                    /usr/lib/x86_64-linux-gnu/dri/i965_dri.so
7f2e2975e000-7f2e29766000 rw-p 006fc000 08:06 4196316                    /usr/lib/x86_64-linux-gnu/dri/i965_dri.so
7f2e29766000-7f2e2976e000 rw-p 00000000 00:00 0 
7f2e2976e000-7f2e29773000 r-xp 00000000 08:06 3941185                    /usr/lib/x86_64-linux-gnu/libXdmcp.so.6.0.0
7f2e29773000-7f2e29972000 ---p 00005000 08:06 3941185                    /usr/lib/x86_64-linux-gnu/libXdmcp.so.6.0.0
7f2e29972000-7f2e29973000 r--p 00004000 08:06 3941185                    /usr/lib/x86_64-linux-gnu/libXdmcp.so.6.0.0
7f2e29973000-7f2e29974000 rw-p 00005000 08:06 3941185                    /usr/lib/x86_64-linux-gnu/libXdmcp.so.6.0.0
7f2e29974000-7f2e29976000 r-xp 00000000 08:06 3941174                    /usr/lib/x86_64-linux-gnu/libXau.so.6.0.0
7f2e29976000-7f2e29b76000 ---p 00002000 08:06 3941174                    /usr/lib/x86_64-linux-gnu/libXau.so.6.0.0
7f2e29b76000-7f2e29b77000 r--p 00002000 08:06 3941174                    /usr/lib/x86_64-linux-gnu/libXau.so.6.0.0
7f2e29b77000-7f2e29b78000 rw-p 00003000 08:06 3941174                    /usr/lib/x86_64-linux-gnu/libXau.so.6.0.0
7f2e29b78000-7f2e29b88000 r-xp 00000000 08:06 3933658                    /usr/lib/x86_64-linux-gnu/libdrm.so.2.4.0
7f2e29b88000-7f2e29d87000 ---p 00010000 08:06 3933658                    /usr/lib/x86_64-linux-gnu/libdrm.so.2.4.0
7f2e29d87000-7f2e29d88000 r--p 0000f000 08:06 3933658                    /usr/lib/x86_64-linux-gnu/libdrm.so.2.4.0
7f2e29d88000-7f2e29d89000 rw-p 00010000 08:06 3933658                    /usr/lib/x86_64-linux-gnu/libdrm.so.2.4.0
7f2e29d89000-7f2e29d8e000 r-xp 00000000 08:06 3941223                    /usr/lib/x86_64-linux-gnu/libXxf86vm.so.1.0.0
7f2e29d8e000-7f2e29f8d000 ---p 00005000 08:06 3941223                    /usr/lib/x86_64-linux-gnu/libXxf86vm.so.1.0.0
7f2e29f8d000-7f2e29f8e000 r--p 00004000 08:06 3941223                    /usr/lib/x86_64-linux-gnu/libXxf86vm.so.1.0.0
7f2e29f8e000-7f2e29f8f000 rw-p 00005000 08:06 3941223                    /usr/lib/x86_64-linux-gnu/libXxf86vm.so.1.0.0
7f2e29f8f000-7f2e29f93000 r-xp 00000000 08:06 3942551                    /usr/lib/x86_64-linux-gnu/libxcb-dri2.so.0.0.0
7f2e29f93000-7f2e2a192000 ---p 00004000 08:06 3942551                    /usr/lib/x86_64-linux-gnu/libxcb-dri2.so.0.0.0
7f2e2a192000-7f2e2a193000 r--p 00003000 08:06 3942551                    /usr/lib/x86_64-linux-gnu/libxcb-dri2.so.0.0.0
7f2e2a193000-7f2e2a194000 rw-p 00004000 08:06 3942551                    /usr/lib/x86_64-linux-gnu/libxcb-dri2.so.0.0.0
7f2e2a194000-7f2e2a1ab000 r-xp 00000000 08:06 3942555                    /usr/lib/x86_64-linux-gnu/libxcb-glx.so.0.0.0
7f2e2a1ab000-7f2e2a3aa000 ---p 00017000 08:06 3942555                    /usr/lib/x86_64-linux-gnu/libxcb-glx.so.0.0.0
7f2e2a3aa000-7f2e2a3ac000 r--p 00016000 08:06 3942555                    /usr/lib/x86_64-linux-gnu/libxcb-glx.so.0.0.0
7f2e2a3ac000-7f2e2a3ad000 rw-p 00018000 08:06 3942555                    /usr/lib/x86_64-linux-gnu/libxcb-glx.so.0.0.0
7f2e2a3ad000-7f2e2a3ae000 r-xp 00000000 08:06 3941168                    /usr/lib/x86_64-linux-gnu/libX11-xcb.so.1.0.0
7f2e2a3ae000-7f2e2a5ad000 ---p 00001000 08:06 3941168                    /usr/lib/x86_64-linux-gnu/libX11-xcb.so.1.0.0
7f2e2a5ad000-7f2e2a5ae000 r--p 00000000 08:06 3941168                    /usr/lib/x86_64-linux-gnu/libX11-xcb.so.1.0.0
7f2e2a5ae000-7f2e2a5af000 rw-p 00001000 08:06 3941168                    /usr/lib/x86_64-linux-gnu/libX11-xcb.so.1.0.0
7f2e2a5af000-7f2e2a5b4000 r-xp 00000000 08:06 3941189                    /usr/lib/x86_64-linux-gnu/libXfixes.so.3.1.0
7f2e2a5b4000-7f2e2a7b3000 ---p 00005000 08:06 3941189                    /usr/lib/x86_64-linux-gnu/libXfixes.so.3.1.0
7f2e2a7b3000-7f2e2a7b4000 r--p 00004000 08:06 3941189                    /usr/lib/x86_64-linux-gnu/libXfixes.so.3.1.0
7f2e2a7b4000-7f2e2a7b5000 rw-p 00005000 08:06 3941189                    /usr/lib/x86_64-linux-gnu/libXfixes.so.3.1.0
7f2e2a7b5000-7f2e2a7b7000 r-xp 00000000 08:06 3941183                    /usr/lib/x86_64-linux-gnu/libXdamage.so.1.1.0
7f2e2a7b7000-7f2e2a9b6000 ---p 00002000 08:06 3941183                    /usr/lib/x86_64-linux-gnu/libXdamage.so.1.1.0
7f2e2a9b6000-7f2e2a9b7000 r--p 00001000 08:06 3941183                    /usr/lib/x86_64-linux-gnu/libXdamage.so.1.1.0
7f2e2a9b7000-7f2e2a9b8000 rw-p 00002000 08:06 3941183                    /usr/lib/x86_64-linux-gnu/libXdamage.so.1.1.0
7f2e2a9b8000-7f2e2a9c9000 r-xp 00000000 08:06 3941187                    /usr/lib/x86_64-linux-gnu/libXext.so.6.4.0
7f2e2a9c9000-7f2e2abc8000 ---p 00011000 08:06 3941187                    /usr/lib/x86_64-linux-gnu/libXext.so.6.4.0
7f2e2abc8000-7f2e2abc9000 r--p 00010000 08:06 3941187                    /usr/lib/x86_64-linux-gnu/libXext.so.6.4.0
7f2e2abc9000-7f2e2abca000 rw-p 00011000 08:06 3941187                    /usr/lib/x86_64-linux-gnu/libXext.so.6.4.0
7f2e2abca000-7f2e2abf4000 r-xp 00000000 08:06 3937385                    /usr/lib/x86_64-linux-gnu/libglapi.so.0.0.0
7f2e2abf4000-7f2e2adf3000 ---p 0002a000 08:06 3937385                    /usr/lib/x86_64-linux-gnu/libglapi.so.0.0.0
7f2e2adf3000-7f2e2adf7000 r--p 00029000 08:06 3937385                    /usr/lib/x86_64-linux-gnu/libglapi.so.0.0.0
7f2e2adf7000-7f2e2adf8000 rw-p 0002d000 08:06 3937385                    /usr/lib/x86_64-linux-gnu/libglapi.so.0.0.0
7f2e2adf8000-7f2e2adf9000 rw-p 00000000 00:00 0 
7f2e2adf9000-7f2e2adfa000 r-xp 00000000 08:06 3942595                    /usr/lib/x86_64-linux-gnu/libxshmfence.so.1.0.0
7f2e2adfa000-7f2e2affa000 ---p 00001000 08:06 3942595                    /usr/lib/x86_64-linux-gnu/libxshmfence.so.1.0.0
7f2e2affa000-7f2e2affb000 r--p 00001000 08:06 3942595                    /usr/lib/x86_64-linux-gnu/libxshmfence.so.1.0.0
7f2e2affb000-7f2e2affc000 rw-p 00002000 08:06 3942595                    /usr/lib/x86_64-linux-gnu/libxshmfence.so.1.0.0
7f2e2affc000-7f2e2b001000 r-xp 00000000 08:06 3942575                    /usr/lib/x86_64-linux-gnu/libxcb-sync.so.1.0.0
7f2e2b001000-7f2e2b201000 ---p 00005000 08:06 3942575                    /usr/lib/x86_64-linux-gnu/libxcb-sync.so.1.0.0
7f2e2b201000-7f2e2b202000 r--p 00005000 08:06 3942575                    /usr/lib/x86_64-linux-gnu/libxcb-sync.so.1.0.0
7f2e2b202000-7f2e2b203000 rw-p 00006000 08:06 3942575                    /usr/lib/x86_64-linux-gnu/libxcb-sync.so.1.0.0
7f2e2b203000-7f2e2b205000 r-xp 00000000 08:06 3942563                    /usr/lib/x86_64-linux-gnu/libxcb-present.so.0.0.0
7f2e2b205000-7f2e2b404000 ---p 00002000 08:06 3942563                    /usr/lib/x86_64-linux-gnu/libxcb-present.so.0.0.0
7f2e2b404000-7f2e2b405000 r--p 00001000 08:06 3942563                    /usr/lib/x86_64-linux-gnu/libxcb-present.so.0.0.0
7f2e2b405000-7f2e2b406000 rw-p 00002000 08:06 3942563                    /usr/lib/x86_64-linux-gnu/libxcb-present.so.0.0.0
7f2e2b406000-7f2e2b408000 r-xp 00000000 08:06 3942553                    /usr/lib/x86_64-linux-gnu/libxcb-dri3.so.0.0.0
7f2e2b408000-7f2e2b607000 ---p 00002000 08:06 3942553                    /usr/lib/x86_64-linux-gnu/libxcb-dri3.so.0.0.0
7f2e2b607000-7f2e2b608000 r--p 00001000 08:06 3942553                    /usr/lib/x86_64-linux-gnu/libxcb-dri3.so.0.0.0
7f2e2b608000-7f2e2b609000 rw-p 00002000 08:06 3942553                    /usr/lib/x86_64-linux-gnu/libxcb-dri3.so.0.0.0
7f2e2b609000-7f2e2b62f000 r-xp 00000000 08:06 3019325                    /lib/x86_64-linux-gnu/libexpat.so.1.6.0
7f2e2b62f000-7f2e2b82f000 ---p 00026000 08:06 3019325                    /lib/x86_64-linux-gnu/libexpat.so.1.6.0
7f2e2b82f000-7f2e2b831000 r--p 00026000 08:06 3019325                    /lib/x86_64-linux-gnu/libexpat.so.1.6.0
7f2e2b831000-7f2e2b832000 rw-p 00028000 08:06 3019325                    /lib/x86_64-linux-gnu/libexpat.so.1.6.0
7f2e2b832000-7f2e2b853000 r-xp 00000000 08:06 3942583                    /usr/lib/x86_64-linux-gnu/libxcb.so.1.1.0
7f2e2b853000-7f2e2ba52000 ---p 00021000 08:06 3942583                    /usr/lib/x86_64-linux-gnu/libxcb.so.1.1.0
7f2e2ba52000-7f2e2ba53000 r--p 00020000 08:06 3942583                    /usr/lib/x86_64-linux-gnu/libxcb.so.1.1.0
7f2e2ba53000-7f2e2ba54000 rw-p 00021000 08:06 3942583                    /usr/lib/x86_64-linux-gnu/libxcb.so.1.1.0
7f2e2ba54000-7f2e2bac2000 r-xp 00000000 08:06 4205973                    /usr/lib/x86_64-linux-gnu/mesa/libGL.so.1.2.0
7f2e2bac2000-7f2e2bcc1000 ---p 0006e000 08:06 4205973                    /usr/lib/x86_64-linux-gnu/mesa/libGL.so.1.2.0
7f2e2bcc1000-7f2e2bcc4000 r--p 0006d000 08:06 4205973                    /usr/lib/x86_64-linux-gnu/mesa/libGL.so.1.2.0
7f2e2bcc4000-7f2e2bcc5000 rw-p 00070000 08:06 4205973                    /usr/lib/x86_64-linux-gnu/mesa/libGL.so.1.2.0
7f2e2bcc5000-7f2e2bcc6000 rw-p 00000000 00:00 0 
7f2e2bcc6000-7f2e2bdfb000 r-xp 00000000 08:06 3941170                    /usr/lib/x86_64-linux-gnu/libX11.so.6.3.0
7f2e2bdfb000-7f2e2bffb000 ---p 00135000 08:06 3941170                    /usr/lib/x86_64-linux-gnu/libX11.so.6.3.0
7f2e2bffb000-7f2e2bffc000 r--p 00135000 08:06 3941170                    /usr/lib/x86_64-linux-gnu/libX11.so.6.3.0
7f2e2bffc000-7f2e2c000000 rw-p 00136000 08:06 3941170                    /usr/lib/x86_64-linux-gnu/libX11.so.6.3.0
7f2e2c000000-7f2e2c021000 rw-p 00000000 00:00 0 
7f2e2c021000-7f2e30000000 ---p 00000000 00:00 0 
7f2e30000000-7f2e30001000 r--s 00000000 08:06 2359380                    /var/cache/fontconfig/56cf4f4769d0f4abc89a4895d7bd3ae1-le64.cache-6
7f2e30001000-7f2e30002000 r--s 00000000 08:06 2359395                    /var/cache/fontconfig/b9d506c9ac06c20b433354fa67a72993-le64.cache-6
7f2e30002000-7f2e30008000 r--s 00000000 08:06 2359394                    /var/cache/fontconfig/b47c4e1ecd0709278f4910c18777a504-le64.cache-6
7f2e30008000-7f2e3001b000 r--s 00000000 08:06 2359400                    /var/cache/fontconfig/d52a8644073d54c13679302ca1180695-le64.cache-6
7f2e3001b000-7f2e3001c000 r--s 00000000 08:06 2359379                    /var/cache/fontconfig/551ecf3b0e8b0bca0f25c0944f561853-le64.cache-6
7f2e3001c000-7f2e3001d000 r--s 00000000 08:06 2364748                    /var/cache/fontconfig/1ee5cafbe51fb67d0f91413347c9075c-le64.cache-6
7f2e3001d000-7f2e30021000 r--s 00000000 08:06 2364747                    /var/cache/fontconfig/42b85b8870a9886f24b1a55d8ef88da0-le64.cache-6
7f2e30021000-7f2e3002c000 r--s 00000000 08:06 2370920                    /var/cache/fontconfig/d589a48862398ed80a3d6066f4f56f4c-le64.cache-6
7f2e3002c000-7f2e3002d000 r--s 00000000 08:06 2359374                    /var/cache/fontconfig/30829fa25452a46451e813d634d7f916-le64.cache-6
7f2e3002d000-7f2e3002e000 r--s 00000000 08:06 2359368                    /var/cache/fontconfig/0c9eb80ebd1c36541ebe2852d3bb0c49-le64.cache-6
7f2e3002e000-7f2e30031000 r--s 00000000 08:06 2359385                    /var/cache/fontconfig/75114ca45c98e8a441da0ff356701271-le64.cache-6
7f2e30031000-7f2e3003c000 r--s 00000000 08:06 2359388                    /var/cache/fontconfig/83bf95040141907cd45bb53cf7c1c148-le64.cache-6
7f2e3003c000-7f2e3004e000 r--s 00000000 08:06 2359392                    /var/cache/fontconfig/9b89f8e3dae116d678bbf48e5f21f69b-le64.cache-6
7f2e3004e000-7f2e3005b000 r--s 00000000 08:06 2403948                    /var/cache/fontconfig/e13b20fdb08344e0e664864cc2ede53d-le64.cache-6
7f2e3005b000-7f2e3005f000 r--s 00000000 08:06 2364826                    /var/cache/fontconfig/7ef2298fde41cc6eeb7af42e48b7d293-le64.cache-6
7f2e3005f000-7f2e30060000 r--s 00000000 08:06 2364328                    /var/cache/fontconfig/e0aa53bcfa504e64f87823c16bc01eb6-le64.cache-6
7f2e30060000-7f2e30081000 r--s 00000000 08:06 2363077                    /var/cache/fontconfig/467c019e582ee353435ea5c21d137ef6-le64.cache-6
7f2e30081000-7f2e30089000 rw-s 00000000 00:05 245795                     /drm mm object (deleted)
7f2e30089000-7f2e30091000 rw-s 00000000 00:05 242549                     /drm mm object (deleted)
7f2e30091000-7f2e300bb000 r--p 00000000 08:06 4470173                    /usr/share/locale-langpack/pl/LC_MESSAGES/gtk20-properties.mo
7f2e300bb000-7f2e300ca000 r--p 00000000 08:06 4470334                    /usr/share/locale-langpack/pl/LC_MESSAGES/gtk20.mo
7f2e300ca000-7f2e300d6000 r-xp 00000000 08:06 4353130                    /usr/lib/jvm/java-8-openjdk-amd64/jre/lib/amd64/libprism_es2.so
7f2e300d6000-7f2e302d5000 ---p 0000c000 08:06 4353130                    /usr/lib/jvm/java-8-openjdk-amd64/jre/lib/amd64/libprism_es2.so
7f2e302d5000-7f2e302d6000 r--p 0000b000 08:06 4353130                    /usr/lib/jvm/java-8-openjdk-amd64/jre/lib/amd64/libprism_es2.so
7f2e302d6000-7f2e302d7000 rw-p 0000c000 08:06 4353130                    /usr/lib/jvm/java-8-openjdk-amd64/jre/lib/amd64/libprism_es2.so
7f2e302d7000-7f2e302da000 ---p 00000000 00:00 0 
7f2e302da000-7f2e303d8000 rw-p 00000000 00:00 0 
7f2e303d8000-7f2e303d9000 ---p 00000000 00:00 0 
7f2e303d9000-7f2e304d9000 rw-p 00000000 00:00 0 
7f2e304d9000-7f2e304dc000 ---p 00000000 00:00 0 
7f2e304dc000-7f2e305da000 rw-p 00000000 00:00 0 
7f2e305da000-7f2e305dd000 ---p 00000000 00:00 0 
7f2e305dd000-7f2e336dc000 rw-p 00000000 00:00 0 
7f2e336dc000-7f2e336f3000 r-xp 00000000 08:06 4329962                    /usr/lib/jvm/java-8-openjdk-amd64/jre/lib/amd64/libnet.so
7f2e336f3000-7f2e338f2000 ---p 00017000 08:06 4329962                    /usr/lib/jvm/java-8-openjdk-amd64/jre/lib/amd64/libnet.so
7f2e338f2000-7f2e338f3000 r--p 00016000 08:06 4329962                    /usr/lib/jvm/java-8-openjdk-amd64/jre/lib/amd64/libnet.so
7f2e338f3000-7f2e338f4000 rw-p 00017000 08:06 4329962                    /usr/lib/jvm/java-8-openjdk-amd64/jre/lib/amd64/libnet.so
7f2e338f4000-7f2e338f7000 ---p 00000000 00:00 0 
7f2e338f7000-7f2e339f5000 rw-p 00000000 00:00 0 
7f2e339f5000-7f2e339f8000 ---p 00000000 00:00 0 
7f2e339f8000-7f2e33af6000 rw-p 00000000 00:00 0 
7f2e33af6000-7f2e33af9000 ---p 00000000 00:00 0 
7f2e33af9000-7f2e33bf7000 rw-p 00000000 00:00 0 
7f2e33bf7000-7f2e34000000 r--p 00000000 08:06 3932179                    /usr/lib/locale/locale-archive
7f2e34000000-7f2e34021000 rw-p 00000000 00:00 0 
7f2e34021000-7f2e38000000 ---p 00000000 00:00 0 
7f2e38000000-7f2e38008000 rw-s 00000000 00:05 242545                     /drm mm object (deleted)
7f2e38008000-7f2e38009000 rw-s 00000000 00:05 245812                     /drm mm object (deleted)
7f2e38009000-7f2e38011000 rw-s 00000000 00:05 244274                     /drm mm object (deleted)
7f2e38011000-7f2e38018000 r--s 00000000 08:06 4203206                    /usr/lib/x86_64-linux-gnu/gconv/gconv-modules.cache
7f2e38018000-7f2e3803d000 r--p 00000000 08:06 4470547                    /usr/share/locale-langpack/pl/LC_MESSAGES/libc.mo
7f2e3803d000-7f2e3803f000 r--s 0001a000 00:2d 1622156                    /home/flwn/Pulpit/idea-IU-172.4343.14/lib/idea_rt.jar
7f2e3803f000-7f2e38052000 r--s 00346000 08:06 4197790                    /usr/lib/jvm/java-8-openjdk-amd64/jre/lib/resources.jar
7f2e38052000-7f2e380e8000 r--s 008d7000 08:06 4353148                    /usr/share/java/openjfx/jre/lib/ext/jfxrt.jar
7f2e380e8000-7f2e38103000 r--s 00394000 08:06 4196008                    /usr/lib/jvm/java-8-openjdk-amd64/jre/lib/ext/cldrdata.jar
7f2e38103000-7f2e38199000 r--s 008d7000 08:06 4353148                    /usr/share/java/openjfx/jre/lib/ext/jfxrt.jar
7f2e38199000-7f2e3819c000 ---p 00000000 00:00 0 
7f2e3819c000-7f2e3829a000 rw-p 00000000 00:00 0 
7f2e3829a000-7f2e3829d000 ---p 00000000 00:00 0 
7f2e3829d000-7f2e3839b000 rw-p 00000000 00:00 0 
7f2e3839b000-7f2e3839e000 ---p 00000000 00:00 0 
7f2e3839e000-7f2e3849c000 rw-p 00000000 00:00 0 
7f2e3849c000-7f2e3849d000 ---p 00000000 00:00 0 
7f2e3849d000-7f2e394fa000 rw-p 00000000 00:00 0 
7f2e394fa000-7f2e396c9000 r--s 03c21000 08:06 4196000                    /usr/lib/jvm/java-8-openjdk-amd64/jre/lib/rt.jar
7f2e396c9000-7f2e3beed000 rw-p 00000000 00:00 0 
7f2e3beed000-7f2e3beee000 ---p 00000000 00:00 0 
7f2e3beee000-7f2e3bfee000 rw-p 00000000 00:00 0 
7f2e3bfee000-7f2e3bfef000 ---p 00000000 00:00 0 
7f2e3bfef000-7f2e3c0ef000 rw-p 00000000 00:00 0 
7f2e3c0ef000-7f2e3c0f0000 ---p 00000000 00:00 0 
7f2e3c0f0000-7f2e3c1f0000 rw-p 00000000 00:00 0 
7f2e3c1f0000-7f2e3c1f1000 ---p 00000000 00:00 0 
7f2e3c1f1000-7f2e3c306000 rw-p 00000000 00:00 0 
7f2e3c306000-7f2e3c434000 ---p 00000000 00:00 0 
7f2e3c434000-7f2e3c449000 rw-p 00000000 00:00 0 
7f2e3c449000-7f2e3c576000 ---p 00000000 00:00 0 
7f2e3c576000-7f2e3c589000 rw-p 00000000 00:00 0 
7f2e3c589000-7f2e3c618000 ---p 00000000 00:00 0 
7f2e3c618000-7f2e3c629000 rw-p 00000000 00:00 0 
7f2e3c629000-7f2e3c9d9000 ---p 00000000 00:00 0 
7f2e3c9d9000-7f2e3cdd9000 rwxp 00000000 00:00 0 
7f2e3cdd9000-7f2e4b9d9000 ---p 00000000 00:00 0 
7f2e4b9d9000-7f2e4b9e1000 r-xp 00000000 08:06 4329967                    /usr/lib/jvm/java-8-openjdk-amd64/jre/lib/amd64/libzip.so
7f2e4b9e1000-7f2e4bbe0000 ---p 00008000 08:06 4329967                    /usr/lib/jvm/java-8-openjdk-amd64/jre/lib/amd64/libzip.so
7f2e4bbe0000-7f2e4bbe1000 r--p 00007000 08:06 4329967                    /usr/lib/jvm/java-8-openjdk-amd64/jre/lib/amd64/libzip.so
7f2e4bbe1000-7f2e4bbe2000 rw-p 00008000 08:06 4329967                    /usr/lib/jvm/java-8-openjdk-amd64/jre/lib/amd64/libzip.so
7f2e4bbe2000-7f2e4bbed000 r-xp 00000000 08:06 3019448                    /lib/x86_64-linux-gnu/libnss_files-2.23.so
7f2e4bbed000-7f2e4bdec000 ---p 0000b000 08:06 3019448                    /lib/x86_64-linux-gnu/libnss_files-2.23.so
7f2e4bdec000-7f2e4bded000 r--p 0000a000 08:06 3019448                    /lib/x86_64-linux-gnu/libnss_files-2.23.so
7f2e4bded000-7f2e4bdee000 rw-p 0000b000 08:06 3019448                    /lib/x86_64-linux-gnu/libnss_files-2.23.so
7f2e4bdee000-7f2e4bdf4000 rw-p 00000000 00:00 0 
7f2e4bdf4000-7f2e4bdff000 r-xp 00000000 08:06 3019490                    /lib/x86_64-linux-gnu/libnss_nis-2.23.so
7f2e4bdff000-7f2e4bffe000 ---p 0000b000 08:06 3019490                    /lib/x86_64-linux-gnu/libnss_nis-2.23.so
7f2e4bffe000-7f2e4bfff000 r--p 0000a000 08:06 3019490                    /lib/x86_64-linux-gnu/libnss_nis-2.23.so
7f2e4bfff000-7f2e4c000000 rw-p 0000b000 08:06 3019490                    /lib/x86_64-linux-gnu/libnss_nis-2.23.so
7f2e4c000000-7f2e4c4cb000 rw-p 00000000 00:00 0 
7f2e4c4cb000-7f2e50000000 ---p 00000000 00:00 0 
7f2e50001000-7f2e50002000 r--s 00000000 08:06 4197792                    /usr/lib/jvm/java-8-openjdk-amd64/jre/lib/management-agent.jar
7f2e50002000-7f2e50007000 r--s 0009a000 08:06 4197791                    /usr/lib/jvm/java-8-openjdk-amd64/jre/lib/jsse.jar
7f2e50007000-7f2e5000a000 r--s 00015000 08:06 4196004                    /usr/lib/jvm/java-8-openjdk-amd64/jre/lib/jce.jar
7f2e5000a000-7f2e5000f000 r--s 002f9000 08:06 4197789                    /usr/lib/jvm/java-8-openjdk-amd64/jre/lib/charsets.jar
7f2e5000f000-7f2e50015000 r--s 0003a000 08:06 4196016                    /usr/lib/jvm/java-8-openjdk-amd64/jre/lib/ext/sunjce_provider.jar
7f2e50015000-7f2e50018000 r--s 0000f000 08:06 4196006                    /usr/lib/jvm/java-8-openjdk-amd64/jre/lib/ext/icedtea-sound.jar
7f2e50018000-7f2e50022000 r--s 00116000 08:06 4196019                    /usr/lib/jvm/java-8-openjdk-amd64/jre/lib/ext/localedata.jar
7f2e50022000-7f2e50024000 r--s 00001000 08:06 4197786                    /usr/lib/jvm/java-8-openjdk-amd64/jre/lib/ext/dnsns.jar
7f2e50024000-7f2e5003f000 r--s 001d6000 08:06 4196014                    /usr/lib/jvm/java-8-openjdk-amd64/jre/lib/ext/nashorn.jar
7f2e5003f000-7f2e50055000 r-xp 00000000 08:06 3019438                    /lib/x86_64-linux-gnu/libnsl-2.23.so
7f2e50055000-7f2e50254000 ---p 00016000 08:06 3019438                    /lib/x86_64-linux-gnu/libnsl-2.23.so
7f2e50254000-7f2e50255000 r--p 00015000 08:06 3019438                    /lib/x86_64-linux-gnu/libnsl-2.23.so
7f2e50255000-7f2e50256000 rw-p 00016000 08:06 3019438                    /lib/x86_64-linux-gnu/libnsl-2.23.so
7f2e50256000-7f2e50258000 rw-p 00000000 00:00 0 
7f2e50258000-7f2e50260000 r-xp 00000000 08:06 3019592                    /lib/x86_64-linux-gnu/libnss_compat-2.23.so
7f2e50260000-7f2e5045f000 ---p 00008000 08:06 3019592                    /lib/x86_64-linux-gnu/libnss_compat-2.23.so
7f2e5045f000-7f2e50460000 r--p 00007000 08:06 3019592                    /lib/x86_64-linux-gnu/libnss_compat-2.23.so
7f2e50460000-7f2e50461000 rw-p 00008000 08:06 3019592                    /lib/x86_64-linux-gnu/libnss_compat-2.23.so
7f2e50461000-7f2e5046b000 r-xp 00000000 08:06 4329956                    /usr/lib/jvm/java-8-openjdk-amd64/jre/lib/amd64/libinstrument.so
7f2e5046b000-7f2e5066a000 ---p 0000a000 08:06 4329956                    /usr/lib/jvm/java-8-openjdk-amd64/jre/lib/amd64/libinstrument.so
7f2e5066a000-7f2e5066b000 r--p 00009000 08:06 4329956                    /usr/lib/jvm/java-8-openjdk-amd64/jre/lib/amd64/libinstrument.so
7f2e5066b000-7f2e5066c000 rw-p 0000a000 08:06 4329956                    /usr/lib/jvm/java-8-openjdk-amd64/jre/lib/amd64/libinstrument.so
7f2e5066c000-7f2e50699000 r-xp 00000000 08:06 4329383                    /usr/lib/jvm/java-8-openjdk-amd64/jre/lib/amd64/libjava.so
7f2e50699000-7f2e50898000 ---p 0002d000 08:06 4329383                    /usr/lib/jvm/java-8-openjdk-amd64/jre/lib/amd64/libjava.so
7f2e50898000-7f2e50899000 r--p 0002c000 08:06 4329383                    /usr/lib/jvm/java-8-openjdk-amd64/jre/lib/amd64/libjava.so
7f2e50899000-7f2e5089b000 rw-p 0002d000 08:06 4329383                    /usr/lib/jvm/java-8-openjdk-amd64/jre/lib/amd64/libjava.so
7f2e5089b000-7f2e508aa000 r-xp 00000000 08:06 4329965                    /usr/lib/jvm/java-8-openjdk-amd64/jre/lib/amd64/libverify.so
7f2e508aa000-7f2e50aa9000 ---p 0000f000 08:06 4329965                    /usr/lib/jvm/java-8-openjdk-amd64/jre/lib/amd64/libverify.so
7f2e50aa9000-7f2e50aab000 r--p 0000e000 08:06 4329965                    /usr/lib/jvm/java-8-openjdk-amd64/jre/lib/amd64/libverify.so
7f2e50aab000-7f2e50aac000 rw-p 00010000 08:06 4329965                    /usr/lib/jvm/java-8-openjdk-amd64/jre/lib/amd64/libverify.so
7f2e50aac000-7f2e50ab3000 r-xp 00000000 08:06 3019547                    /lib/x86_64-linux-gnu/librt-2.23.so
7f2e50ab3000-7f2e50cb2000 ---p 00007000 08:06 3019547                    /lib/x86_64-linux-gnu/librt-2.23.so
7f2e50cb2000-7f2e50cb3000 r--p 00006000 08:06 3019547                    /lib/x86_64-linux-gnu/librt-2.23.so
7f2e50cb3000-7f2e50cb4000 rw-p 00007000 08:06 3019547                    /lib/x86_64-linux-gnu/librt-2.23.so
7f2e50cb4000-7f2e50cca000 r-xp 00000000 08:06 3019464                    /lib/x86_64-linux-gnu/libgcc_s.so.1
7f2e50cca000-7f2e50ec9000 ---p 00016000 08:06 3019464                    /lib/x86_64-linux-gnu/libgcc_s.so.1
7f2e50ec9000-7f2e50eca000 rw-p 00015000 08:06 3019464                    /lib/x86_64-linux-gnu/libgcc_s.so.1
7f2e50eca000-7f2e50fd2000 r-xp 00000000 08:06 3019729                    /lib/x86_64-linux-gnu/libm-2.23.so
7f2e50fd2000-7f2e511d1000 ---p 00108000 08:06 3019729                    /lib/x86_64-linux-gnu/libm-2.23.so
7f2e511d1000-7f2e511d2000 r--p 00107000 08:06 3019729                    /lib/x86_64-linux-gnu/libm-2.23.so
7f2e511d2000-7f2e511d3000 rw-p 00108000 08:06 3019729                    /lib/x86_64-linux-gnu/libm-2.23.so
7f2e511d3000-7f2e51345000 r-xp 00000000 08:06 3937331                    /usr/lib/x86_64-linux-gnu/libstdc++.so.6.0.21
7f2e51345000-7f2e51545000 ---p 00172000 08:06 3937331                    /usr/lib/x86_64-linux-gnu/libstdc++.so.6.0.21
7f2e51545000-7f2e5154f000 r--p 00172000 08:06 3937331                    /usr/lib/x86_64-linux-gnu/libstdc++.so.6.0.21
7f2e5154f000-7f2e51551000 rw-p 0017c000 08:06 3937331                    /usr/lib/x86_64-linux-gnu/libstdc++.so.6.0.21
7f2e51551000-7f2e51555000 rw-p 00000000 00:00 0 
7f2e51555000-7f2e521a7000 r-xp 00000000 08:06 4329961                    /usr/lib/jvm/java-8-openjdk-amd64/jre/lib/amd64/server/libjvm.so
7f2e521a7000-7f2e523a7000 ---p 00c52000 08:06 4329961                    /usr/lib/jvm/java-8-openjdk-amd64/jre/lib/amd64/server/libjvm.so
7f2e523a7000-7f2e5243a000 r--p 00c52000 08:06 4329961                    /usr/lib/jvm/java-8-openjdk-amd64/jre/lib/amd64/server/libjvm.so
7f2e5243a000-7f2e52463000 rw-p 00ce5000 08:06 4329961                    /usr/lib/jvm/java-8-openjdk-amd64/jre/lib/amd64/server/libjvm.so
7f2e52463000-7f2e52493000 rw-p 00000000 00:00 0 
7f2e52493000-7f2e524ab000 r-xp 00000000 08:06 3019472                    /lib/x86_64-linux-gnu/libpthread-2.23.so
7f2e524ab000-7f2e526aa000 ---p 00018000 08:06 3019472                    /lib/x86_64-linux-gnu/libpthread-2.23.so
7f2e526aa000-7f2e526ab000 r--p 00017000 08:06 3019472                    /lib/x86_64-linux-gnu/libpthread-2.23.so
7f2e526ab000-7f2e526ac000 rw-p 00018000 08:06 3019472                    /lib/x86_64-linux-gnu/libpthread-2.23.so
7f2e526ac000-7f2e526b0000 rw-p 00000000 00:00 0 
7f2e526b0000-7f2e526b3000 r-xp 00000000 08:06 3019575                    /lib/x86_64-linux-gnu/libdl-2.23.so
7f2e526b3000-7f2e528b2000 ---p 00003000 08:06 3019575                    /lib/x86_64-linux-gnu/libdl-2.23.so
7f2e528b2000-7f2e528b3000 r--p 00002000 08:06 3019575                    /lib/x86_64-linux-gnu/libdl-2.23.so
7f2e528b3000-7f2e528b4000 rw-p 00003000 08:06 3019575                    /lib/x86_64-linux-gnu/libdl-2.23.so
7f2e528b4000-7f2e528cd000 r-xp 00000000 08:06 3014670                    /lib/x86_64-linux-gnu/libz.so.1.2.8
7f2e528cd000-7f2e52acc000 ---p 00019000 08:06 3014670                    /lib/x86_64-linux-gnu/libz.so.1.2.8
7f2e52acc000-7f2e52acd000 r--p 00018000 08:06 3014670                    /lib/x86_64-linux-gnu/libz.so.1.2.8
7f2e52acd000-7f2e52ace000 rw-p 00019000 08:06 3014670                    /lib/x86_64-linux-gnu/libz.so.1.2.8
7f2e52ace000-7f2e52c8e000 r-xp 00000000 08:06 3019734                    /lib/x86_64-linux-gnu/libc-2.23.so
7f2e52c8e000-7f2e52e8e000 ---p 001c0000 08:06 3019734                    /lib/x86_64-linux-gnu/libc-2.23.so
7f2e52e8e000-7f2e52e92000 r--p 001c0000 08:06 3019734                    /lib/x86_64-linux-gnu/libc-2.23.so
7f2e52e92000-7f2e52e94000 rw-p 001c4000 08:06 3019734                    /lib/x86_64-linux-gnu/libc-2.23.so
7f2e52e94000-7f2e52e98000 rw-p 00000000 00:00 0 
7f2e52e98000-7f2e52ea5000 r-xp 00000000 08:06 4465315                    /usr/lib/jvm/java-8-openjdk-amd64/jre/lib/amd64/jli/libjli.so
7f2e52ea5000-7f2e530a5000 ---p 0000d000 08:06 4465315                    /usr/lib/jvm/java-8-openjdk-amd64/jre/lib/amd64/jli/libjli.so
7f2e530a5000-7f2e530a6000 r--p 0000d000 08:06 4465315                    /usr/lib/jvm/java-8-openjdk-amd64/jre/lib/amd64/jli/libjli.so
7f2e530a6000-7f2e530a7000 rw-p 0000e000 08:06 4465315                    /usr/lib/jvm/java-8-openjdk-amd64/jre/lib/amd64/jli/libjli.so
7f2e530a7000-7f2e530cd000 r-xp 00000000 08:06 3019445                    /lib/x86_64-linux-gnu/ld-2.23.so
7f2e530cd000-7f2e530ce000 r--s 00009000 08:06 4353149                    /usr/share/java/openjfx/jre/lib/jfxswt.jar
7f2e530ce000-7f2e530d2000 r--s 00037000 08:06 4197784                    /usr/lib/jvm/java-8-openjdk-amd64/jre/lib/ext/sunpkcs11.jar
7f2e530d2000-7f2e530d4000 r--s 00008000 08:06 4196018                    /usr/lib/jvm/java-8-openjdk-amd64/jre/lib/ext/sunec.jar
7f2e530d4000-7f2e531a5000 rw-p 00000000 00:00 0 
7f2e531a5000-7f2e531a8000 ---p 00000000 00:00 0 
7f2e531a8000-7f2e532ab000 rw-p 00000000 00:00 0 
7f2e532ab000-7f2e532ac000 r--s 0000a000 08:06 4197785                    /usr/lib/jvm/java-8-openjdk-amd64/jre/lib/ext/jaccess.jar
7f2e532ac000-7f2e532ad000 r--s 00010000 08:06 4196010                    /usr/lib/jvm/java-8-openjdk-amd64/jre/lib/ext/zipfs.jar
7f2e532ad000-7f2e532c0000 rw-p 00000000 00:00 0 
7f2e532c0000-7f2e532c8000 rw-s 00000000 08:06 3562497                    /tmp/hsperfdata_root/7635
7f2e532c8000-7f2e532c9000 rw-p 00000000 00:00 0 
7f2e532c9000-7f2e532ca000 ---p 00000000 00:00 0 
7f2e532ca000-7f2e532cc000 rw-p 00000000 00:00 0 
7f2e532cc000-7f2e532cd000 r--p 00025000 08:06 3019445                    /lib/x86_64-linux-gnu/ld-2.23.so
7f2e532cd000-7f2e532ce000 rw-p 00026000 08:06 3019445                    /lib/x86_64-linux-gnu/ld-2.23.so
7f2e532ce000-7f2e532cf000 rw-p 00000000 00:00 0 
7ffc6ee5f000-7ffc6ee80000 rw-p 00000000 00:00 0                          [stack]
7ffc6ee86000-7ffc6ee88000 r--p 00000000 00:00 0                          [vvar]
7ffc6ee88000-7ffc6ee8a000 r-xp 00000000 00:00 0                          [vdso]
ffffffffff600000-ffffffffff601000 r-xp 00000000 00:00 0                  [vsyscall]

VM Arguments:
jvm_args: -javaagent:/home/flwn/Pulpit/idea-IU-172.4343.14/lib/idea_rt.jar=33331:/home/flwn/Pulpit/idea-IU-172.4343.14/bin -Dfile.encoding=UTF-8 
java_command: ch.client.Main
java_class_path (initial): /usr/lib/jvm/java-1.8.0-openjdk-amd64/jre/lib/charsets.jar:/usr/lib/jvm/java-1.8.0-openjdk-amd64/jre/lib/ext/cldrdata.jar:/usr/lib/jvm/java-1.8.0-openjdk-amd64/jre/lib/ext/dnsns.jar:/usr/lib/jvm/java-1.8.0-openjdk-amd64/jre/lib/ext/icedtea-sound.jar:/usr/lib/jvm/java-1.8.0-openjdk-amd64/jre/lib/ext/jaccess.jar:/usr/lib/jvm/java-1.8.0-openjdk-amd64/jre/lib/ext/jfxrt.jar:/usr/lib/jvm/java-1.8.0-openjdk-amd64/jre/lib/ext/localedata.jar:/usr/lib/jvm/java-1.8.0-openjdk-amd64/jre/lib/ext/nashorn.jar:/usr/lib/jvm/java-1.8.0-openjdk-amd64/jre/lib/ext/sunec.jar:/usr/lib/jvm/java-1.8.0-openjdk-amd64/jre/lib/ext/sunjce_provider.jar:/usr/lib/jvm/java-1.8.0-openjdk-amd64/jre/lib/ext/sunpkcs11.jar:/usr/lib/jvm/java-1.8.0-openjdk-amd64/jre/lib/ext/zipfs.jar:/usr/lib/jvm/java-1.8.0-openjdk-amd64/jre/lib/jce.jar:/usr/lib/jvm/java-1.8.0-openjdk-amd64/jre/lib/jfxswt.jar:/usr/lib/jvm/java-1.8.0-openjdk-amd64/jre/lib/jsse.jar:/usr/lib/jvm/java-1.8.0-openjdk-amd64/jre/lib/management-agent.jar:/usr/lib/jvm/java-1.8.0-openjdk-amd64/jre/lib/resources.jar:/usr/lib/jvm/java-1.8.0-openjdk-amd64/jre/lib/rt.jar:/home/flwn/workspace/PAI_LAB/Labyrinth/out/production/Labyrinth:/home/flwn/Pulpit/idea-IU-172.4343.14/lib/idea_rt.jar
Launcher Type: SUN_STANDARD

Environment Variables:
PATH=/usr/local/sbin:/usr/local/bin:/usr/sbin:/usr/bin:/sbin:/bin:/snap/bin
USERNAME=root
LD_LIBRARY_PATH=/home/flwn/Pulpit/idea-IU-172.4343.14/bin:
SHELL=/bin/bash
DISPLAY=:0

Signal Handlers:
SIGSEGV: [libjvm.so+0xa69040], sa_mask[0]=11111111011111111101111111111110, sa_flags=SA_RESTART|SA_SIGINFO
SIGBUS: [libjvm.so+0xa69040], sa_mask[0]=11111111011111111101111111111110, sa_flags=SA_RESTART|SA_SIGINFO
SIGFPE: [libjvm.so+0x8b2170], sa_mask[0]=11111111011111111101111111111110, sa_flags=SA_RESTART|SA_SIGINFO
SIGPIPE: SIG_IGN, sa_mask[0]=00000000000010000000000000000000, sa_flags=SA_RESTART
SIGXFSZ: [libjvm.so+0x8b2170], sa_mask[0]=11111111011111111101111111111110, sa_flags=SA_RESTART|SA_SIGINFO
SIGILL: [libjvm.so+0x8b2170], sa_mask[0]=11111111011111111101111111111110, sa_flags=SA_RESTART|SA_SIGINFO
SIGUSR1: SIG_DFL, sa_mask[0]=00000000000000000000000000000000, sa_flags=none
SIGUSR2: [libjvm.so+0x8b2020], sa_mask[0]=00100000000000000000000000000000, sa_flags=SA_RESTART|SA_SIGINFO
SIGHUP: [libjvm.so+0x8b24f0], sa_mask[0]=11111111011111111101111111111110, sa_flags=SA_RESTART|SA_SIGINFO
SIGINT: [libjvm.so+0x8b24f0], sa_mask[0]=11111111011111111101111111111110, sa_flags=SA_RESTART|SA_SIGINFO
SIGTERM: [libjvm.so+0x8b24f0], sa_mask[0]=11111111011111111101111111111110, sa_flags=SA_RESTART|SA_SIGINFO
SIGQUIT: [libjvm.so+0x8b24f0], sa_mask[0]=11111111011111111101111111111110, sa_flags=SA_RESTART|SA_SIGINFO


---------------  S Y S T E M  ---------------

OS:DISTRIB_ID=Ubuntu
DISTRIB_RELEASE=16.04
DISTRIB_CODENAME=xenial
DISTRIB_DESCRIPTION="Ubuntu 16.04.3 LTS"

uname:Linux 4.10.0-42-generic #46~16.04.1-Ubuntu SMP Mon Dec 4 15:57:59 UTC 2017 x86_64
libc:glibc 2.23 NPTL 2.23 
rlimit: STACK 8192k, CORE 0k, NPROC 15303, NOFILE 1048576, AS infinity
load average:1,76 1,16 1,08

/proc/meminfo:
MemTotal:        3962408 kB
MemFree:          252460 kB
MemAvailable:     638468 kB
Buffers:           45208 kB
Cached:           833632 kB
SwapCached:         3156 kB
Active:          2557344 kB
Inactive:         856148 kB
Active(anon):    2260180 kB
Inactive(anon):   602724 kB
Active(file):     297164 kB
Inactive(file):   253424 kB
Unevictable:         216 kB
Mlocked:             216 kB
SwapTotal:       4106748 kB
SwapFree:        3997008 kB
Dirty:              6528 kB
Writeback:             0 kB
AnonPages:       2468808 kB
Mapped:           321200 kB
Shmem:            328180 kB
Slab:             166212 kB
SReclaimable:      84420 kB
SUnreclaim:        81792 kB
KernelStack:       12912 kB
PageTables:        51248 kB
NFS_Unstable:          0 kB
Bounce:                0 kB
WritebackTmp:          0 kB
CommitLimit:     6087952 kB
Committed_AS:    8685168 kB
VmallocTotal:   34359738367 kB
VmallocUsed:           0 kB
VmallocChunk:          0 kB
HardwareCorrupted:     0 kB
AnonHugePages:    684032 kB
ShmemHugePages:        0 kB
ShmemPmdMapped:        0 kB
CmaTotal:              0 kB
CmaFree:               0 kB
HugePages_Total:       0
HugePages_Free:        0
HugePages_Rsvd:        0
HugePages_Surp:        0
Hugepagesize:       2048 kB
DirectMap4k:      220992 kB
DirectMap2M:     3891200 kB
DirectMap1G:     1048576 kB


CPU:total 4 (initial active 4) (2 cores per cpu, 2 threads per core) family 6 model 61 stepping 4, cmov, cx8, fxsr, mmx, sse, sse2, sse3, ssse3, sse4.1, sse4.2, popcnt, avx, avx2, aes, clmul, erms, 3dnowpref, lzcnt, ht, tsc, tscinvbit, bmi1, bmi2, adx

/proc/cpuinfo:
processor	: 0
vendor_id	: GenuineIntel
cpu family	: 6
model		: 61
model name	: Intel(R) Core(TM) i5-5200U CPU @ 2.20GHz
stepping	: 4
microcode	: 0x11
cpu MHz		: 2199.865
cache size	: 3072 KB
physical id	: 0
siblings	: 4
core id		: 0
cpu cores	: 2
apicid		: 0
initial apicid	: 0
fpu		: yes
fpu_exception	: yes
cpuid level	: 20
wp		: yes
flags		: fpu vme de pse tsc msr pae mce cx8 apic sep mtrr pge mca cmov pat pse36 clflush dts acpi mmx fxsr sse sse2 ss ht tm pbe syscall nx pdpe1gb rdtscp lm constant_tsc arch_perfmon pebs bts rep_good nopl xtopology nonstop_tsc aperfmperf pni pclmulqdq dtes64 monitor ds_cpl vmx est tm2 ssse3 sdbg fma cx16 xtpr pdcm pcid sse4_1 sse4_2 x2apic movbe popcnt tsc_deadline_timer aes xsave avx f16c rdrand lahf_lm abm 3dnowprefetch epb intel_pt tpr_shadow vnmi flexpriority ept vpid fsgsbase tsc_adjust bmi1 avx2 smep bmi2 erms invpcid rdseed adx smap xsaveopt dtherm ida arat pln pts
bugs		:
bogomips	: 4389.75
clflush size	: 64
cache_alignment	: 64
address sizes	: 39 bits physical, 48 bits virtual
power management:

processor	: 1
vendor_id	: GenuineIntel
cpu family	: 6
model		: 61
model name	: Intel(R) Core(TM) i5-5200U CPU @ 2.20GHz
stepping	: 4
microcode	: 0x11
cpu MHz		: 2200.537
cache size	: 3072 KB
physical id	: 0
siblings	: 4
core id		: 1
cpu cores	: 2
apicid		: 2
initial apicid	: 2
fpu		: yes
fpu_exception	: yes
cpuid level	: 20
wp		: yes
flags		: fpu vme de pse tsc msr pae mce cx8 apic sep mtrr pge mca cmov pat pse36 clflush dts acpi mmx fxsr sse sse2 ss ht tm pbe syscall nx pdpe1gb rdtscp lm constant_tsc arch_perfmon pebs bts rep_good nopl xtopology nonstop_tsc aperfmperf pni pclmulqdq dtes64 monitor ds_cpl vmx est tm2 ssse3 sdbg fma cx16 xtpr pdcm pcid sse4_1 sse4_2 x2apic movbe popcnt tsc_deadline_timer aes xsave avx f16c rdrand lahf_lm abm 3dnowprefetch epb intel_pt tpr_shadow vnmi flexpriority ept vpid fsgsbase tsc_adjust bmi1 avx2 smep bmi2 erms invpcid rdseed adx smap xsaveopt dtherm ida arat pln pts
bugs		:
bogomips	: 4389.75
clflush size	: 64
cache_alignment	: 64
address sizes	: 39 bits physical, 48 bits virtual
power management:

processor	: 2
vendor_id	: GenuineIntel
cpu family	: 6
model		: 61
model name	: Intel(R) Core(TM) i5-5200U CPU @ 2.20GHz
stepping	: 4
microcode	: 0x11
cpu MHz		: 2199.865
cache size	: 3072 KB
physical id	: 0
siblings	: 4
core id		: 0
cpu cores	: 2
apicid		: 1
initial apicid	: 1
fpu		: yes
fpu_exception	: yes
cpuid level	: 20
wp		: yes
flags		: fpu vme de pse tsc msr pae mce cx8 apic sep mtrr pge mca cmov pat pse36 clflush dts acpi mmx fxsr sse sse2 ss ht tm pbe syscall nx pdpe1gb rdtscp lm constant_tsc arch_perfmon pebs bts rep_good nopl xtopology nonstop_tsc aperfmperf pni pclmulqdq dtes64 monitor ds_cpl vmx est tm2 ssse3 sdbg fma cx16 xtpr pdcm pcid sse4_1 sse4_2 x2apic movbe popcnt tsc_deadline_timer aes xsave avx f16c rdrand lahf_lm abm 3dnowprefetch epb intel_pt tpr_shadow vnmi flexpriority ept vpid fsgsbase tsc_adjust bmi1 avx2 smep bmi2 erms invpcid rdseed adx smap xsaveopt dtherm ida arat pln pts
bugs		:
bogomips	: 4389.75
clflush size	: 64
cache_alignment	: 64
address sizes	: 39 bits physical, 48 bits virtual
power management:

processor	: 3
vendor_id	: GenuineIntel
cpu family	: 6
model		: 61
model name	: Intel(R) Core(TM) i5-5200U CPU @ 2.20GHz
stepping	: 4
microcode	: 0x11
cpu MHz		: 2200.268
cache size	: 3072 KB
physical id	: 0
siblings	: 4
core id		: 1
cpu cores	: 2
apicid		: 3
initial apicid	: 3
fpu		: yes
fpu_exception	: yes
cpuid level	: 20
wp		: yes
flags		: fpu vme de pse tsc msr pae mce cx8 apic sep mtrr pge mca cmov pat pse36 clflush dts acpi mmx fxsr sse sse2 ss ht tm pbe syscall nx pdpe1gb rdtscp lm constant_tsc arch_perfmon pebs bts rep_good nopl xtopology nonstop_tsc aperfmperf pni pclmulqdq dtes64 monitor ds_cpl vmx est tm2 ssse3 sdbg fma cx16 xtpr pdcm pcid sse4_1 sse4_2 x2apic movbe popcnt tsc_deadline_timer aes xsave avx f16c rdrand lahf_lm abm 3dnowprefetch epb intel_pt tpr_shadow vnmi flexpriority ept vpid fsgsbase tsc_adjust bmi1 avx2 smep bmi2 erms invpcid rdseed adx smap xsaveopt dtherm ida arat pln pts
bugs		:
bogomips	: 4389.75
clflush size	: 64
cache_alignment	: 64
address sizes	: 39 bits physical, 48 bits virtual
power management:



Memory: 4k page, physical 3962408k(252460k free), swap 4106748k(3997008k free)

vm_info: OpenJDK 64-Bit Server VM (25.151-b12) for linux-amd64 JRE (1.8.0_151-8u151-b12-0ubuntu0.16.04.2-b12), built on Oct 27 2017 21:59:02 by "buildd" with gcc 5.4.0 20160609

time: Thu Dec 21 19:29:38 2017
elapsed time: 6 seconds (0d 0h 0m 6s)

